have_header: checking for unistd.h... -------------------- yes

"xcrun clang -fdeclspec -o conftest -I/Users/leonardbogdonoff/.metawork/runtimes/ruby-3.0.3/include/ruby-3.0.0/arm64-darwin20 -I/Users/leonardbogdonoff/.metawork/runtimes/ruby-3.0.3/include/ruby-3.0.0/ruby/backward -I/Users/leonardbogdonoff/.metawork/runtimes/ruby-3.0.3/include/ruby-3.0.0 -I. -I/Users/leonardbogdonoff/.metawork/runtimes/ruby-3.0.3/include -D_XOPEN_SOURCE -D_DARWIN_C_SOURCE -D_DARWIN_UNLIMITED_SELECT -D_REENTRANT   -I/Users/metawork/buildfarm-worker/shard/operations/b79bb1e5-19f9-4b48-9b38-0e049325ae43/bazel-out/darwin_arm64-opt-ST-02c84008f7a5/bin/ruby/versions/3_0_3/dist.unstamped.configure_libs/include -O3 -ggdb3 -Wall -Wextra -Wdeprecated-declarations -Wdivision-by-zero -Wimplicit-function-declaration -Wimplicit-int -Wmisleading-indentation -Wpointer-arith -Wshorten-64-to-32 -Wwrite-strings -Wmissing-noreturn -Wno-constant-logical-operand -Wno-long-long -Wno-missing-field-initializers -Wno-overlength-strings -Wno-parentheses-equality -Wno-self-assign -Wno-tautological-compare -Wno-unused-parameter -Wno-unused-value -Wunused-variable -Wextra-tokens -fno-common -pipe conftest.c  -L. -L/Users/leonardbogdonoff/.metawork/runtimes/ruby-3.0.3/lib -L. -L/Users/leonardbogdonoff/.metawork/runtimes/ruby-3.0.3/lib -fstack-protector-strong -L/usr/local/lib  -m64   -lruby.3.0   "
checked program was:
/* begin */
1: #include "ruby.h"
2: 
3: int main(int argc, char **argv)
4: {
5:   return !!argv[argc];
6: }
/* end */

"xcrun clang -fdeclspec -E -I/Users/leonardbogdonoff/.metawork/runtimes/ruby-3.0.3/include/ruby-3.0.0/arm64-darwin20 -I/Users/leonardbogdonoff/.metawork/runtimes/ruby-3.0.3/include/ruby-3.0.0/ruby/backward -I/Users/leonardbogdonoff/.metawork/runtimes/ruby-3.0.3/include/ruby-3.0.0 -I. -I/Users/leonardbogdonoff/.metawork/runtimes/ruby-3.0.3/include -D_XOPEN_SOURCE -D_DARWIN_C_SOURCE -D_DARWIN_UNLIMITED_SELECT -D_REENTRANT   -I/Users/metawork/buildfarm-worker/shard/operations/b79bb1e5-19f9-4b48-9b38-0e049325ae43/bazel-out/darwin_arm64-opt-ST-02c84008f7a5/bin/ruby/versions/3_0_3/dist.unstamped.configure_libs/include -O3 -ggdb3 -Wall -Wextra -Wdeprecated-declarations -Wdivision-by-zero -Wimplicit-function-declaration -Wimplicit-int -Wmisleading-indentation -Wpointer-arith -Wshorten-64-to-32 -Wwrite-strings -Wmissing-noreturn -Wno-constant-logical-operand -Wno-long-long -Wno-missing-field-initializers -Wno-overlength-strings -Wno-parentheses-equality -Wno-self-assign -Wno-tautological-compare -Wno-unused-parameter -Wno-unused-value -Wunused-variable -Wextra-tokens -fno-common -pipe  conftest.c -o conftest.i"
checked program was:
/* begin */
1: #include "ruby.h"
2: 
3: #include <unistd.h>
/* end */

--------------------

have_header: checking for linux/aio_abi.h... -------------------- no

"xcrun clang -fdeclspec -E -I/Users/leonardbogdonoff/.metawork/runtimes/ruby-3.0.3/include/ruby-3.0.0/arm64-darwin20 -I/Users/leonardbogdonoff/.metawork/runtimes/ruby-3.0.3/include/ruby-3.0.0/ruby/backward -I/Users/leonardbogdonoff/.metawork/runtimes/ruby-3.0.3/include/ruby-3.0.0 -I. -I/Users/leonardbogdonoff/.metawork/runtimes/ruby-3.0.3/include -D_XOPEN_SOURCE -D_DARWIN_C_SOURCE -D_DARWIN_UNLIMITED_SELECT -D_REENTRANT   -I/Users/metawork/buildfarm-worker/shard/operations/b79bb1e5-19f9-4b48-9b38-0e049325ae43/bazel-out/darwin_arm64-opt-ST-02c84008f7a5/bin/ruby/versions/3_0_3/dist.unstamped.configure_libs/include -O3 -ggdb3 -Wall -Wextra -Wdeprecated-declarations -Wdivision-by-zero -Wimplicit-function-declaration -Wimplicit-int -Wmisleading-indentation -Wpointer-arith -Wshorten-64-to-32 -Wwrite-strings -Wmissing-noreturn -Wno-constant-logical-operand -Wno-long-long -Wno-missing-field-initializers -Wno-overlength-strings -Wno-parentheses-equality -Wno-self-assign -Wno-tautological-compare -Wno-unused-parameter -Wno-unused-value -Wunused-variable -Wextra-tokens -fno-common -pipe  conftest.c -o conftest.i"
conftest.c:3:10: fatal error: 'linux/aio_abi.h' file not found
#include <linux/aio_abi.h>
         ^~~~~~~~~~~~~~~~~
1 error generated.
checked program was:
/* begin */
1: #include "ruby.h"
2: 
3: #include <linux/aio_abi.h>
/* end */

--------------------

have_header: checking for linux/io_uring.h... -------------------- no

"xcrun clang -fdeclspec -E -I/Users/leonardbogdonoff/.metawork/runtimes/ruby-3.0.3/include/ruby-3.0.0/arm64-darwin20 -I/Users/leonardbogdonoff/.metawork/runtimes/ruby-3.0.3/include/ruby-3.0.0/ruby/backward -I/Users/leonardbogdonoff/.metawork/runtimes/ruby-3.0.3/include/ruby-3.0.0 -I. -I/Users/leonardbogdonoff/.metawork/runtimes/ruby-3.0.3/include -D_XOPEN_SOURCE -D_DARWIN_C_SOURCE -D_DARWIN_UNLIMITED_SELECT -D_REENTRANT   -I/Users/metawork/buildfarm-worker/shard/operations/b79bb1e5-19f9-4b48-9b38-0e049325ae43/bazel-out/darwin_arm64-opt-ST-02c84008f7a5/bin/ruby/versions/3_0_3/dist.unstamped.configure_libs/include -O3 -ggdb3 -Wall -Wextra -Wdeprecated-declarations -Wdivision-by-zero -Wimplicit-function-declaration -Wimplicit-int -Wmisleading-indentation -Wpointer-arith -Wshorten-64-to-32 -Wwrite-strings -Wmissing-noreturn -Wno-constant-logical-operand -Wno-long-long -Wno-missing-field-initializers -Wno-overlength-strings -Wno-parentheses-equality -Wno-self-assign -Wno-tautological-compare -Wno-unused-parameter -Wno-unused-value -Wunused-variable -Wextra-tokens -fno-common -pipe  conftest.c -o conftest.i"
conftest.c:3:10: fatal error: 'linux/io_uring.h' file not found
#include <linux/io_uring.h>
         ^~~~~~~~~~~~~~~~~~
1 error generated.
checked program was:
/* begin */
1: #include "ruby.h"
2: 
3: #include <linux/io_uring.h>
/* end */

--------------------

have_header: checking for sys/select.h... -------------------- yes

"xcrun clang -fdeclspec -E -I/Users/leonardbogdonoff/.metawork/runtimes/ruby-3.0.3/include/ruby-3.0.0/arm64-darwin20 -I/Users/leonardbogdonoff/.metawork/runtimes/ruby-3.0.3/include/ruby-3.0.0/ruby/backward -I/Users/leonardbogdonoff/.metawork/runtimes/ruby-3.0.3/include/ruby-3.0.0 -I. -I/Users/leonardbogdonoff/.metawork/runtimes/ruby-3.0.3/include -D_XOPEN_SOURCE -D_DARWIN_C_SOURCE -D_DARWIN_UNLIMITED_SELECT -D_REENTRANT   -I/Users/metawork/buildfarm-worker/shard/operations/b79bb1e5-19f9-4b48-9b38-0e049325ae43/bazel-out/darwin_arm64-opt-ST-02c84008f7a5/bin/ruby/versions/3_0_3/dist.unstamped.configure_libs/include -O3 -ggdb3 -Wall -Wextra -Wdeprecated-declarations -Wdivision-by-zero -Wimplicit-function-declaration -Wimplicit-int -Wmisleading-indentation -Wpointer-arith -Wshorten-64-to-32 -Wwrite-strings -Wmissing-noreturn -Wno-constant-logical-operand -Wno-long-long -Wno-missing-field-initializers -Wno-overlength-strings -Wno-parentheses-equality -Wno-self-assign -Wno-tautological-compare -Wno-unused-parameter -Wno-unused-value -Wunused-variable -Wextra-tokens -fno-common -pipe  conftest.c -o conftest.i"
checked program was:
/* begin */
1: #include "ruby.h"
2: 
3: #include <sys/select.h>
/* end */

--------------------

have_type: checking for port_event_t in poll.h... -------------------- no

"xcrun clang -fdeclspec -I/Users/leonardbogdonoff/.metawork/runtimes/ruby-3.0.3/include/ruby-3.0.0/arm64-darwin20 -I/Users/leonardbogdonoff/.metawork/runtimes/ruby-3.0.3/include/ruby-3.0.0/ruby/backward -I/Users/leonardbogdonoff/.metawork/runtimes/ruby-3.0.3/include/ruby-3.0.0 -I. -I/Users/leonardbogdonoff/.metawork/runtimes/ruby-3.0.3/include -D_XOPEN_SOURCE -D_DARWIN_C_SOURCE -D_DARWIN_UNLIMITED_SELECT -D_REENTRANT   -I/Users/metawork/buildfarm-worker/shard/operations/b79bb1e5-19f9-4b48-9b38-0e049325ae43/bazel-out/darwin_arm64-opt-ST-02c84008f7a5/bin/ruby/versions/3_0_3/dist.unstamped.configure_libs/include -O3 -ggdb3 -Wall -Wextra -Wdeprecated-declarations -Wdivision-by-zero -Wimplicit-function-declaration -Wimplicit-int -Wmisleading-indentation -Wpointer-arith -Wshorten-64-to-32 -Wwrite-strings -Wmissing-noreturn -Wno-constant-logical-operand -Wno-long-long -Wno-missing-field-initializers -Wno-overlength-strings -Wno-parentheses-equality -Wno-self-assign -Wno-tautological-compare -Wno-unused-parameter -Wno-unused-value -Wunused-variable -Wextra-tokens -fno-common -pipe -m64  -c conftest.c"
conftest.c:6:9: error: unknown type name 'port_event_t'
typedef port_event_t conftest_type;
        ^
1 error generated.
checked program was:
/* begin */
1: #include "ruby.h"
2: 
3: #include <poll.h>
4: 
5: /*top*/
6: typedef port_event_t conftest_type;
7: int conftestval[sizeof(conftest_type)?1:-1];
/* end */

--------------------

have_header: checking for sys/epoll.h... -------------------- no

"xcrun clang -fdeclspec -E -I/Users/leonardbogdonoff/.metawork/runtimes/ruby-3.0.3/include/ruby-3.0.0/arm64-darwin20 -I/Users/leonardbogdonoff/.metawork/runtimes/ruby-3.0.3/include/ruby-3.0.0/ruby/backward -I/Users/leonardbogdonoff/.metawork/runtimes/ruby-3.0.3/include/ruby-3.0.0 -I. -I/Users/leonardbogdonoff/.metawork/runtimes/ruby-3.0.3/include -D_XOPEN_SOURCE -D_DARWIN_C_SOURCE -D_DARWIN_UNLIMITED_SELECT -D_REENTRANT   -I/Users/metawork/buildfarm-worker/shard/operations/b79bb1e5-19f9-4b48-9b38-0e049325ae43/bazel-out/darwin_arm64-opt-ST-02c84008f7a5/bin/ruby/versions/3_0_3/dist.unstamped.configure_libs/include -O3 -ggdb3 -Wall -Wextra -Wdeprecated-declarations -Wdivision-by-zero -Wimplicit-function-declaration -Wimplicit-int -Wmisleading-indentation -Wpointer-arith -Wshorten-64-to-32 -Wwrite-strings -Wmissing-noreturn -Wno-constant-logical-operand -Wno-long-long -Wno-missing-field-initializers -Wno-overlength-strings -Wno-parentheses-equality -Wno-self-assign -Wno-tautological-compare -Wno-unused-parameter -Wno-unused-value -Wunused-variable -Wextra-tokens -fno-common -pipe  conftest.c -o conftest.i"
conftest.c:3:10: fatal error: 'sys/epoll.h' file not found
#include <sys/epoll.h>
         ^~~~~~~~~~~~~
1 error generated.
checked program was:
/* begin */
1: #include "ruby.h"
2: 
3: #include <sys/epoll.h>
/* end */

--------------------

have_header: checking for sys/event.h... -------------------- yes

"xcrun clang -fdeclspec -E -I/Users/leonardbogdonoff/.metawork/runtimes/ruby-3.0.3/include/ruby-3.0.0/arm64-darwin20 -I/Users/leonardbogdonoff/.metawork/runtimes/ruby-3.0.3/include/ruby-3.0.0/ruby/backward -I/Users/leonardbogdonoff/.metawork/runtimes/ruby-3.0.3/include/ruby-3.0.0 -I. -I/Users/leonardbogdonoff/.metawork/runtimes/ruby-3.0.3/include -D_XOPEN_SOURCE -D_DARWIN_C_SOURCE -D_DARWIN_UNLIMITED_SELECT -D_REENTRANT   -I/Users/metawork/buildfarm-worker/shard/operations/b79bb1e5-19f9-4b48-9b38-0e049325ae43/bazel-out/darwin_arm64-opt-ST-02c84008f7a5/bin/ruby/versions/3_0_3/dist.unstamped.configure_libs/include -O3 -ggdb3 -Wall -Wextra -Wdeprecated-declarations -Wdivision-by-zero -Wimplicit-function-declaration -Wimplicit-int -Wmisleading-indentation -Wpointer-arith -Wshorten-64-to-32 -Wwrite-strings -Wmissing-noreturn -Wno-constant-logical-operand -Wno-long-long -Wno-missing-field-initializers -Wno-overlength-strings -Wno-parentheses-equality -Wno-self-assign -Wno-tautological-compare -Wno-unused-parameter -Wno-unused-value -Wunused-variable -Wextra-tokens -fno-common -pipe  conftest.c -o conftest.i"
checked program was:
/* begin */
1: #include "ruby.h"
2: 
3: #include <sys/event.h>
/* end */

--------------------

have_header: checking for sys/queue.h... -------------------- yes

"xcrun clang -fdeclspec -E -I/Users/leonardbogdonoff/.metawork/runtimes/ruby-3.0.3/include/ruby-3.0.0/arm64-darwin20 -I/Users/leonardbogdonoff/.metawork/runtimes/ruby-3.0.3/include/ruby-3.0.0/ruby/backward -I/Users/leonardbogdonoff/.metawork/runtimes/ruby-3.0.3/include/ruby-3.0.0 -I. -I/Users/leonardbogdonoff/.metawork/runtimes/ruby-3.0.3/include -D_XOPEN_SOURCE -D_DARWIN_C_SOURCE -D_DARWIN_UNLIMITED_SELECT -D_REENTRANT   -I/Users/metawork/buildfarm-worker/shard/operations/b79bb1e5-19f9-4b48-9b38-0e049325ae43/bazel-out/darwin_arm64-opt-ST-02c84008f7a5/bin/ruby/versions/3_0_3/dist.unstamped.configure_libs/include -O3 -ggdb3 -Wall -Wextra -Wdeprecated-declarations -Wdivision-by-zero -Wimplicit-function-declaration -Wimplicit-int -Wmisleading-indentation -Wpointer-arith -Wshorten-64-to-32 -Wwrite-strings -Wmissing-noreturn -Wno-constant-logical-operand -Wno-long-long -Wno-missing-field-initializers -Wno-overlength-strings -Wno-parentheses-equality -Wno-self-assign -Wno-tautological-compare -Wno-unused-parameter -Wno-unused-value -Wunused-variable -Wextra-tokens -fno-common -pipe  conftest.c -o conftest.i"
checked program was:
/* begin */
1: #include "ruby.h"
2: 
3: #include <sys/queue.h>
/* end */

--------------------

have_type: checking for port_event_t in port.h... -------------------- no

"xcrun clang -fdeclspec -I/Users/leonardbogdonoff/.metawork/runtimes/ruby-3.0.3/include/ruby-3.0.0/arm64-darwin20 -I/Users/leonardbogdonoff/.metawork/runtimes/ruby-3.0.3/include/ruby-3.0.0/ruby/backward -I/Users/leonardbogdonoff/.metawork/runtimes/ruby-3.0.3/include/ruby-3.0.0 -I. -I/Users/leonardbogdonoff/.metawork/runtimes/ruby-3.0.3/include -D_XOPEN_SOURCE -D_DARWIN_C_SOURCE -D_DARWIN_UNLIMITED_SELECT -D_REENTRANT   -I/Users/metawork/buildfarm-worker/shard/operations/b79bb1e5-19f9-4b48-9b38-0e049325ae43/bazel-out/darwin_arm64-opt-ST-02c84008f7a5/bin/ruby/versions/3_0_3/dist.unstamped.configure_libs/include -O3 -ggdb3 -Wall -Wextra -Wdeprecated-declarations -Wdivision-by-zero -Wimplicit-function-declaration -Wimplicit-int -Wmisleading-indentation -Wpointer-arith -Wshorten-64-to-32 -Wwrite-strings -Wmissing-noreturn -Wno-constant-logical-operand -Wno-long-long -Wno-missing-field-initializers -Wno-overlength-strings -Wno-parentheses-equality -Wno-self-assign -Wno-tautological-compare -Wno-unused-parameter -Wno-unused-value -Wunused-variable -Wextra-tokens -fno-common -pipe -m64  -c conftest.c"
conftest.c:3:10: fatal error: 'port.h' file not found
#include <port.h>
         ^~~~~~~~
1 error generated.
checked program was:
/* begin */
1: #include "ruby.h"
2: 
3: #include <port.h>
4: 
5: /*top*/
6: typedef port_event_t conftest_type;
7: int conftestval[sizeof(conftest_type)?1:-1];
/* end */

--------------------

have_header: checking for sys/resource.h... -------------------- yes

"xcrun clang -fdeclspec -E -I/Users/leonardbogdonoff/.metawork/runtimes/ruby-3.0.3/include/ruby-3.0.0/arm64-darwin20 -I/Users/leonardbogdonoff/.metawork/runtimes/ruby-3.0.3/include/ruby-3.0.0/ruby/backward -I/Users/leonardbogdonoff/.metawork/runtimes/ruby-3.0.3/include/ruby-3.0.0 -I. -I/Users/leonardbogdonoff/.metawork/runtimes/ruby-3.0.3/include -D_XOPEN_SOURCE -D_DARWIN_C_SOURCE -D_DARWIN_UNLIMITED_SELECT -D_REENTRANT   -I/Users/metawork/buildfarm-worker/shard/operations/b79bb1e5-19f9-4b48-9b38-0e049325ae43/bazel-out/darwin_arm64-opt-ST-02c84008f7a5/bin/ruby/versions/3_0_3/dist.unstamped.configure_libs/include -O3 -ggdb3 -Wall -Wextra -Wdeprecated-declarations -Wdivision-by-zero -Wimplicit-function-declaration -Wimplicit-int -Wmisleading-indentation -Wpointer-arith -Wshorten-64-to-32 -Wwrite-strings -Wmissing-noreturn -Wno-constant-logical-operand -Wno-long-long -Wno-missing-field-initializers -Wno-overlength-strings -Wno-parentheses-equality -Wno-self-assign -Wno-tautological-compare -Wno-unused-parameter -Wno-unused-value -Wunused-variable -Wextra-tokens -fno-common -pipe  conftest.c -o conftest.i"
checked program was:
/* begin */
1: #include "ruby.h"
2: 
3: #include <sys/resource.h>
/* end */

--------------------

