package configuration for sqlite3 is not found
find_header: checking for sqlite3.h... -------------------- yes

"xcrun clang -fdeclspec -o conftest -I/Users/leonardbogdonoff/.metawork/runtimes/ruby-3.0.3/include/ruby-3.0.0/arm64-darwin20 -I/Users/leonardbogdonoff/.metawork/runtimes/ruby-3.0.3/include/ruby-3.0.0/ruby/backward -I/Users/leonardbogdonoff/.metawork/runtimes/ruby-3.0.3/include/ruby-3.0.0 -I. -I/opt/homebrew/opt/sqlite/include -I/Users/leonardbogdonoff/.metawork/runtimes/ruby-3.0.3/include -D_XOPEN_SOURCE -D_DARWIN_C_SOURCE -D_DARWIN_UNLIMITED_SELECT -D_REENTRANT   -I/Users/metawork/buildfarm-worker/shard/operations/b79bb1e5-19f9-4b48-9b38-0e049325ae43/bazel-out/darwin_arm64-opt-ST-02c84008f7a5/bin/ruby/versions/3_0_3/dist.unstamped.configure_libs/include -O3 -ggdb3 -Wall -Wextra -Wdeprecated-declarations -Wdivision-by-zero -Wimplicit-function-declaration -Wimplicit-int -Wmisleading-indentation -Wpointer-arith -Wshorten-64-to-32 -Wwrite-strings -Wmissing-noreturn -Wno-constant-logical-operand -Wno-long-long -Wno-missing-field-initializers -Wno-overlength-strings -Wno-parentheses-equality -Wno-self-assign -Wno-tautological-compare -Wno-unused-parameter -Wno-unused-value -Wunused-variable -Wextra-tokens -fno-common -pipe conftest.c  -L. -L/Users/leonardbogdonoff/.metawork/runtimes/ruby-3.0.3/lib -L/opt/homebrew/opt/sqlite/lib -L. -L/Users/leonardbogdonoff/.metawork/runtimes/ruby-3.0.3/lib -fstack-protector-strong -L/usr/local/lib  -m64   -lruby.3.0   "
ld: warning: directory not found for option '-L/opt/homebrew/opt/sqlite/lib'
checked program was:
/* begin */
1: #include "ruby.h"
2: 
3: int main(int argc, char **argv)
4: {
5:   return !!argv[argc];
6: }
/* end */

"xcrun clang -fdeclspec -E -I/Users/leonardbogdonoff/.metawork/runtimes/ruby-3.0.3/include/ruby-3.0.0/arm64-darwin20 -I/Users/leonardbogdonoff/.metawork/runtimes/ruby-3.0.3/include/ruby-3.0.0/ruby/backward -I/Users/leonardbogdonoff/.metawork/runtimes/ruby-3.0.3/include/ruby-3.0.0 -I. -I/opt/homebrew/opt/sqlite/include -I/Users/leonardbogdonoff/.metawork/runtimes/ruby-3.0.3/include -D_XOPEN_SOURCE -D_DARWIN_C_SOURCE -D_DARWIN_UNLIMITED_SELECT -D_REENTRANT   -I/Users/metawork/buildfarm-worker/shard/operations/b79bb1e5-19f9-4b48-9b38-0e049325ae43/bazel-out/darwin_arm64-opt-ST-02c84008f7a5/bin/ruby/versions/3_0_3/dist.unstamped.configure_libs/include -O3 -ggdb3 -Wall -Wextra -Wdeprecated-declarations -Wdivision-by-zero -Wimplicit-function-declaration -Wimplicit-int -Wmisleading-indentation -Wpointer-arith -Wshorten-64-to-32 -Wwrite-strings -Wmissing-noreturn -Wno-constant-logical-operand -Wno-long-long -Wno-missing-field-initializers -Wno-overlength-strings -Wno-parentheses-equality -Wno-self-assign -Wno-tautological-compare -Wno-unused-parameter -Wno-unused-value -Wunused-variable -Wextra-tokens -fno-common -pipe  conftest.c -o conftest.i"
checked program was:
/* begin */
1: #include "ruby.h"
2: 
3: #include <sqlite3.h>
/* end */

--------------------

find_library: checking for pthread_create() in -lpthread... -------------------- yes

"xcrun clang -fdeclspec -o conftest -I/Users/leonardbogdonoff/.metawork/runtimes/ruby-3.0.3/include/ruby-3.0.0/arm64-darwin20 -I/Users/leonardbogdonoff/.metawork/runtimes/ruby-3.0.3/include/ruby-3.0.0/ruby/backward -I/Users/leonardbogdonoff/.metawork/runtimes/ruby-3.0.3/include/ruby-3.0.0 -I. -I/opt/homebrew/opt/sqlite/include -I/Users/leonardbogdonoff/.metawork/runtimes/ruby-3.0.3/include -D_XOPEN_SOURCE -D_DARWIN_C_SOURCE -D_DARWIN_UNLIMITED_SELECT -D_REENTRANT   -I/Users/metawork/buildfarm-worker/shard/operations/b79bb1e5-19f9-4b48-9b38-0e049325ae43/bazel-out/darwin_arm64-opt-ST-02c84008f7a5/bin/ruby/versions/3_0_3/dist.unstamped.configure_libs/include -O3 -ggdb3 -Wall -Wextra -Wdeprecated-declarations -Wdivision-by-zero -Wimplicit-function-declaration -Wimplicit-int -Wmisleading-indentation -Wpointer-arith -Wshorten-64-to-32 -Wwrite-strings -Wmissing-noreturn -Wno-constant-logical-operand -Wno-long-long -Wno-missing-field-initializers -Wno-overlength-strings -Wno-parentheses-equality -Wno-self-assign -Wno-tautological-compare -Wno-unused-parameter -Wno-unused-value -Wunused-variable -Wextra-tokens -fno-common -pipe conftest.c  -L. -L/Users/leonardbogdonoff/.metawork/runtimes/ruby-3.0.3/lib -L/opt/homebrew/opt/sqlite/lib -L. -L/Users/leonardbogdonoff/.metawork/runtimes/ruby-3.0.3/lib -fstack-protector-strong -L/usr/local/lib  -m64   -lruby.3.0 -lpthread   "
conftest.c:14:57: error: use of undeclared identifier 'pthread_create'
int t(void) { void ((*volatile p)()); p = (void ((*)()))pthread_create; return !p; }
                                                        ^
1 error generated.
checked program was:
/* begin */
 1: #include "ruby.h"
 2: 
 3: /*top*/
 4: extern int t(void);
 5: int main(int argc, char **argv)
 6: {
 7:   if (argc > 1000000) {
 8:     int (* volatile tp)(void)=(int (*)(void))&t;
 9:     printf("%d", (*tp)());
10:   }
11: 
12:   return !!argv[argc];
13: }
14: int t(void) { void ((*volatile p)()); p = (void ((*)()))pthread_create; return !p; }
/* end */

"xcrun clang -fdeclspec -o conftest -I/Users/leonardbogdonoff/.metawork/runtimes/ruby-3.0.3/include/ruby-3.0.0/arm64-darwin20 -I/Users/leonardbogdonoff/.metawork/runtimes/ruby-3.0.3/include/ruby-3.0.0/ruby/backward -I/Users/leonardbogdonoff/.metawork/runtimes/ruby-3.0.3/include/ruby-3.0.0 -I. -I/opt/homebrew/opt/sqlite/include -I/Users/leonardbogdonoff/.metawork/runtimes/ruby-3.0.3/include -D_XOPEN_SOURCE -D_DARWIN_C_SOURCE -D_DARWIN_UNLIMITED_SELECT -D_REENTRANT   -I/Users/metawork/buildfarm-worker/shard/operations/b79bb1e5-19f9-4b48-9b38-0e049325ae43/bazel-out/darwin_arm64-opt-ST-02c84008f7a5/bin/ruby/versions/3_0_3/dist.unstamped.configure_libs/include -O3 -ggdb3 -Wall -Wextra -Wdeprecated-declarations -Wdivision-by-zero -Wimplicit-function-declaration -Wimplicit-int -Wmisleading-indentation -Wpointer-arith -Wshorten-64-to-32 -Wwrite-strings -Wmissing-noreturn -Wno-constant-logical-operand -Wno-long-long -Wno-missing-field-initializers -Wno-overlength-strings -Wno-parentheses-equality -Wno-self-assign -Wno-tautological-compare -Wno-unused-parameter -Wno-unused-value -Wunused-variable -Wextra-tokens -fno-common -pipe conftest.c  -L. -L/Users/leonardbogdonoff/.metawork/runtimes/ruby-3.0.3/lib -L/opt/homebrew/opt/sqlite/lib -L. -L/Users/leonardbogdonoff/.metawork/runtimes/ruby-3.0.3/lib -fstack-protector-strong -L/usr/local/lib  -m64   -lruby.3.0 -lpthread   "
ld: warning: directory not found for option '-L/opt/homebrew/opt/sqlite/lib'
checked program was:
/* begin */
 1: #include "ruby.h"
 2: 
 3: /*top*/
 4: extern int t(void);
 5: int main(int argc, char **argv)
 6: {
 7:   if (argc > 1000000) {
 8:     int (* volatile tp)(void)=(int (*)(void))&t;
 9:     printf("%d", (*tp)());
10:   }
11: 
12:   return !!argv[argc];
13: }
14: extern void pthread_create();
15: int t(void) { pthread_create(); return 0; }
/* end */

--------------------

have_library: checking for -ldl... -------------------- yes

"xcrun clang -fdeclspec -o conftest -I/Users/leonardbogdonoff/.metawork/runtimes/ruby-3.0.3/include/ruby-3.0.0/arm64-darwin20 -I/Users/leonardbogdonoff/.metawork/runtimes/ruby-3.0.3/include/ruby-3.0.0/ruby/backward -I/Users/leonardbogdonoff/.metawork/runtimes/ruby-3.0.3/include/ruby-3.0.0 -I. -I/opt/homebrew/opt/sqlite/include -I/Users/leonardbogdonoff/.metawork/runtimes/ruby-3.0.3/include -D_XOPEN_SOURCE -D_DARWIN_C_SOURCE -D_DARWIN_UNLIMITED_SELECT -D_REENTRANT   -I/Users/metawork/buildfarm-worker/shard/operations/b79bb1e5-19f9-4b48-9b38-0e049325ae43/bazel-out/darwin_arm64-opt-ST-02c84008f7a5/bin/ruby/versions/3_0_3/dist.unstamped.configure_libs/include -O3 -ggdb3 -Wall -Wextra -Wdeprecated-declarations -Wdivision-by-zero -Wimplicit-function-declaration -Wimplicit-int -Wmisleading-indentation -Wpointer-arith -Wshorten-64-to-32 -Wwrite-strings -Wmissing-noreturn -Wno-constant-logical-operand -Wno-long-long -Wno-missing-field-initializers -Wno-overlength-strings -Wno-parentheses-equality -Wno-self-assign -Wno-tautological-compare -Wno-unused-parameter -Wno-unused-value -Wunused-variable -Wextra-tokens -fno-common -pipe conftest.c  -L. -L/Users/leonardbogdonoff/.metawork/runtimes/ruby-3.0.3/lib -L/opt/homebrew/opt/sqlite/lib -L. -L/Users/leonardbogdonoff/.metawork/runtimes/ruby-3.0.3/lib -fstack-protector-strong -L/usr/local/lib  -m64  -lpthread  -lruby.3.0 -ldl -lpthread   "
ld: warning: directory not found for option '-L/opt/homebrew/opt/sqlite/lib'
checked program was:
/* begin */
 1: #include "ruby.h"
 2: 
 3: /*top*/
 4: extern int t(void);
 5: int main(int argc, char **argv)
 6: {
 7:   if (argc > 1000000) {
 8:     int (* volatile tp)(void)=(int (*)(void))&t;
 9:     printf("%d", (*tp)());
10:   }
11: 
12:   return !!argv[argc];
13: }
14: 
15: int t(void) { ; return 0; }
/* end */

--------------------

find_library: checking for sqlite3_libversion_number() in -lsqlite3... -------------------- yes

"xcrun clang -fdeclspec -o conftest -I/Users/leonardbogdonoff/.metawork/runtimes/ruby-3.0.3/include/ruby-3.0.0/arm64-darwin20 -I/Users/leonardbogdonoff/.metawork/runtimes/ruby-3.0.3/include/ruby-3.0.0/ruby/backward -I/Users/leonardbogdonoff/.metawork/runtimes/ruby-3.0.3/include/ruby-3.0.0 -I. -I/opt/homebrew/opt/sqlite/include -I/Users/leonardbogdonoff/.metawork/runtimes/ruby-3.0.3/include -D_XOPEN_SOURCE -D_DARWIN_C_SOURCE -D_DARWIN_UNLIMITED_SELECT -D_REENTRANT   -I/Users/metawork/buildfarm-worker/shard/operations/b79bb1e5-19f9-4b48-9b38-0e049325ae43/bazel-out/darwin_arm64-opt-ST-02c84008f7a5/bin/ruby/versions/3_0_3/dist.unstamped.configure_libs/include -O3 -ggdb3 -Wall -Wextra -Wdeprecated-declarations -Wdivision-by-zero -Wimplicit-function-declaration -Wimplicit-int -Wmisleading-indentation -Wpointer-arith -Wshorten-64-to-32 -Wwrite-strings -Wmissing-noreturn -Wno-constant-logical-operand -Wno-long-long -Wno-missing-field-initializers -Wno-overlength-strings -Wno-parentheses-equality -Wno-self-assign -Wno-tautological-compare -Wno-unused-parameter -Wno-unused-value -Wunused-variable -Wextra-tokens -fno-common -pipe conftest.c  -L. -L/Users/leonardbogdonoff/.metawork/runtimes/ruby-3.0.3/lib -L/opt/homebrew/opt/sqlite/lib -L. -L/Users/leonardbogdonoff/.metawork/runtimes/ruby-3.0.3/lib -fstack-protector-strong -L/usr/local/lib  -m64  -ldl -lpthread  -lruby.3.0 -lsqlite3 -ldl -lpthread   "
conftest.c:14:57: error: use of undeclared identifier 'sqlite3_libversion_number'
int t(void) { void ((*volatile p)()); p = (void ((*)()))sqlite3_libversion_number; return !p; }
                                                        ^
1 error generated.
checked program was:
/* begin */
 1: #include "ruby.h"
 2: 
 3: /*top*/
 4: extern int t(void);
 5: int main(int argc, char **argv)
 6: {
 7:   if (argc > 1000000) {
 8:     int (* volatile tp)(void)=(int (*)(void))&t;
 9:     printf("%d", (*tp)());
10:   }
11: 
12:   return !!argv[argc];
13: }
14: int t(void) { void ((*volatile p)()); p = (void ((*)()))sqlite3_libversion_number; return !p; }
/* end */

"xcrun clang -fdeclspec -o conftest -I/Users/leonardbogdonoff/.metawork/runtimes/ruby-3.0.3/include/ruby-3.0.0/arm64-darwin20 -I/Users/leonardbogdonoff/.metawork/runtimes/ruby-3.0.3/include/ruby-3.0.0/ruby/backward -I/Users/leonardbogdonoff/.metawork/runtimes/ruby-3.0.3/include/ruby-3.0.0 -I. -I/opt/homebrew/opt/sqlite/include -I/Users/leonardbogdonoff/.metawork/runtimes/ruby-3.0.3/include -D_XOPEN_SOURCE -D_DARWIN_C_SOURCE -D_DARWIN_UNLIMITED_SELECT -D_REENTRANT   -I/Users/metawork/buildfarm-worker/shard/operations/b79bb1e5-19f9-4b48-9b38-0e049325ae43/bazel-out/darwin_arm64-opt-ST-02c84008f7a5/bin/ruby/versions/3_0_3/dist.unstamped.configure_libs/include -O3 -ggdb3 -Wall -Wextra -Wdeprecated-declarations -Wdivision-by-zero -Wimplicit-function-declaration -Wimplicit-int -Wmisleading-indentation -Wpointer-arith -Wshorten-64-to-32 -Wwrite-strings -Wmissing-noreturn -Wno-constant-logical-operand -Wno-long-long -Wno-missing-field-initializers -Wno-overlength-strings -Wno-parentheses-equality -Wno-self-assign -Wno-tautological-compare -Wno-unused-parameter -Wno-unused-value -Wunused-variable -Wextra-tokens -fno-common -pipe conftest.c  -L. -L/Users/leonardbogdonoff/.metawork/runtimes/ruby-3.0.3/lib -L/opt/homebrew/opt/sqlite/lib -L. -L/Users/leonardbogdonoff/.metawork/runtimes/ruby-3.0.3/lib -fstack-protector-strong -L/usr/local/lib  -m64  -ldl -lpthread  -lruby.3.0 -lsqlite3 -ldl -lpthread   "
ld: warning: directory not found for option '-L/opt/homebrew/opt/sqlite/lib'
checked program was:
/* begin */
 1: #include "ruby.h"
 2: 
 3: /*top*/
 4: extern int t(void);
 5: int main(int argc, char **argv)
 6: {
 7:   if (argc > 1000000) {
 8:     int (* volatile tp)(void)=(int (*)(void))&t;
 9:     printf("%d", (*tp)());
10:   }
11: 
12:   return !!argv[argc];
13: }
14: extern void sqlite3_libversion_number();
15: int t(void) { sqlite3_libversion_number(); return 0; }
/* end */

--------------------

have_func: checking for rb_proc_arity()... -------------------- yes

"xcrun clang -fdeclspec -o conftest -I/Users/leonardbogdonoff/.metawork/runtimes/ruby-3.0.3/include/ruby-3.0.0/arm64-darwin20 -I/Users/leonardbogdonoff/.metawork/runtimes/ruby-3.0.3/include/ruby-3.0.0/ruby/backward -I/Users/leonardbogdonoff/.metawork/runtimes/ruby-3.0.3/include/ruby-3.0.0 -I. -I/opt/homebrew/opt/sqlite/include -I/Users/leonardbogdonoff/.metawork/runtimes/ruby-3.0.3/include -D_XOPEN_SOURCE -D_DARWIN_C_SOURCE -D_DARWIN_UNLIMITED_SELECT -D_REENTRANT   -I/Users/metawork/buildfarm-worker/shard/operations/b79bb1e5-19f9-4b48-9b38-0e049325ae43/bazel-out/darwin_arm64-opt-ST-02c84008f7a5/bin/ruby/versions/3_0_3/dist.unstamped.configure_libs/include -O3 -ggdb3 -Wall -Wextra -Wdeprecated-declarations -Wdivision-by-zero -Wimplicit-function-declaration -Wimplicit-int -Wmisleading-indentation -Wpointer-arith -Wshorten-64-to-32 -Wwrite-strings -Wmissing-noreturn -Wno-constant-logical-operand -Wno-long-long -Wno-missing-field-initializers -Wno-overlength-strings -Wno-parentheses-equality -Wno-self-assign -Wno-tautological-compare -Wno-unused-parameter -Wno-unused-value -Wunused-variable -Wextra-tokens -fno-common -pipe conftest.c  -L. -L/Users/leonardbogdonoff/.metawork/runtimes/ruby-3.0.3/lib -L/opt/homebrew/opt/sqlite/lib -L. -L/Users/leonardbogdonoff/.metawork/runtimes/ruby-3.0.3/lib -fstack-protector-strong -L/usr/local/lib  -m64  -lsqlite3 -ldl -lpthread  -lruby.3.0 -lsqlite3 -ldl -lpthread   "
ld: warning: directory not found for option '-L/opt/homebrew/opt/sqlite/lib'
checked program was:
/* begin */
 1: #include "ruby.h"
 2: 
 3: /*top*/
 4: extern int t(void);
 5: int main(int argc, char **argv)
 6: {
 7:   if (argc > 1000000) {
 8:     int (* volatile tp)(void)=(int (*)(void))&t;
 9:     printf("%d", (*tp)());
10:   }
11: 
12:   return !!argv[argc];
13: }
14: int t(void) { void ((*volatile p)()); p = (void ((*)()))rb_proc_arity; return !p; }
/* end */

--------------------

have_func: checking for rb_integer_pack()... -------------------- yes

"xcrun clang -fdeclspec -o conftest -I/Users/leonardbogdonoff/.metawork/runtimes/ruby-3.0.3/include/ruby-3.0.0/arm64-darwin20 -I/Users/leonardbogdonoff/.metawork/runtimes/ruby-3.0.3/include/ruby-3.0.0/ruby/backward -I/Users/leonardbogdonoff/.metawork/runtimes/ruby-3.0.3/include/ruby-3.0.0 -I. -I/opt/homebrew/opt/sqlite/include -I/Users/leonardbogdonoff/.metawork/runtimes/ruby-3.0.3/include -D_XOPEN_SOURCE -D_DARWIN_C_SOURCE -D_DARWIN_UNLIMITED_SELECT -D_REENTRANT   -I/Users/metawork/buildfarm-worker/shard/operations/b79bb1e5-19f9-4b48-9b38-0e049325ae43/bazel-out/darwin_arm64-opt-ST-02c84008f7a5/bin/ruby/versions/3_0_3/dist.unstamped.configure_libs/include -O3 -ggdb3 -Wall -Wextra -Wdeprecated-declarations -Wdivision-by-zero -Wimplicit-function-declaration -Wimplicit-int -Wmisleading-indentation -Wpointer-arith -Wshorten-64-to-32 -Wwrite-strings -Wmissing-noreturn -Wno-constant-logical-operand -Wno-long-long -Wno-missing-field-initializers -Wno-overlength-strings -Wno-parentheses-equality -Wno-self-assign -Wno-tautological-compare -Wno-unused-parameter -Wno-unused-value -Wunused-variable -Wextra-tokens -fno-common -pipe conftest.c  -L. -L/Users/leonardbogdonoff/.metawork/runtimes/ruby-3.0.3/lib -L/opt/homebrew/opt/sqlite/lib -L. -L/Users/leonardbogdonoff/.metawork/runtimes/ruby-3.0.3/lib -fstack-protector-strong -L/usr/local/lib  -m64  -lsqlite3 -ldl -lpthread  -lruby.3.0 -lsqlite3 -ldl -lpthread   "
ld: warning: directory not found for option '-L/opt/homebrew/opt/sqlite/lib'
checked program was:
/* begin */
 1: #include "ruby.h"
 2: 
 3: /*top*/
 4: extern int t(void);
 5: int main(int argc, char **argv)
 6: {
 7:   if (argc > 1000000) {
 8:     int (* volatile tp)(void)=(int (*)(void))&t;
 9:     printf("%d", (*tp)());
10:   }
11: 
12:   return !!argv[argc];
13: }
14: int t(void) { void ((*volatile p)()); p = (void ((*)()))rb_integer_pack; return !p; }
/* end */

--------------------

have_func: checking for sqlite3_initialize()... -------------------- yes

"xcrun clang -fdeclspec -o conftest -I/Users/leonardbogdonoff/.metawork/runtimes/ruby-3.0.3/include/ruby-3.0.0/arm64-darwin20 -I/Users/leonardbogdonoff/.metawork/runtimes/ruby-3.0.3/include/ruby-3.0.0/ruby/backward -I/Users/leonardbogdonoff/.metawork/runtimes/ruby-3.0.3/include/ruby-3.0.0 -I. -I/opt/homebrew/opt/sqlite/include -I/Users/leonardbogdonoff/.metawork/runtimes/ruby-3.0.3/include -D_XOPEN_SOURCE -D_DARWIN_C_SOURCE -D_DARWIN_UNLIMITED_SELECT -D_REENTRANT   -I/Users/metawork/buildfarm-worker/shard/operations/b79bb1e5-19f9-4b48-9b38-0e049325ae43/bazel-out/darwin_arm64-opt-ST-02c84008f7a5/bin/ruby/versions/3_0_3/dist.unstamped.configure_libs/include -O3 -ggdb3 -Wall -Wextra -Wdeprecated-declarations -Wdivision-by-zero -Wimplicit-function-declaration -Wimplicit-int -Wmisleading-indentation -Wpointer-arith -Wshorten-64-to-32 -Wwrite-strings -Wmissing-noreturn -Wno-constant-logical-operand -Wno-long-long -Wno-missing-field-initializers -Wno-overlength-strings -Wno-parentheses-equality -Wno-self-assign -Wno-tautological-compare -Wno-unused-parameter -Wno-unused-value -Wunused-variable -Wextra-tokens -fno-common -pipe conftest.c  -L. -L/Users/leonardbogdonoff/.metawork/runtimes/ruby-3.0.3/lib -L/opt/homebrew/opt/sqlite/lib -L. -L/Users/leonardbogdonoff/.metawork/runtimes/ruby-3.0.3/lib -fstack-protector-strong -L/usr/local/lib  -m64  -lsqlite3 -ldl -lpthread  -lruby.3.0 -lsqlite3 -ldl -lpthread   "
conftest.c:14:57: error: use of undeclared identifier 'sqlite3_initialize'
int t(void) { void ((*volatile p)()); p = (void ((*)()))sqlite3_initialize; return !p; }
                                                        ^
1 error generated.
checked program was:
/* begin */
 1: #include "ruby.h"
 2: 
 3: /*top*/
 4: extern int t(void);
 5: int main(int argc, char **argv)
 6: {
 7:   if (argc > 1000000) {
 8:     int (* volatile tp)(void)=(int (*)(void))&t;
 9:     printf("%d", (*tp)());
10:   }
11: 
12:   return !!argv[argc];
13: }
14: int t(void) { void ((*volatile p)()); p = (void ((*)()))sqlite3_initialize; return !p; }
/* end */

"xcrun clang -fdeclspec -o conftest -I/Users/leonardbogdonoff/.metawork/runtimes/ruby-3.0.3/include/ruby-3.0.0/arm64-darwin20 -I/Users/leonardbogdonoff/.metawork/runtimes/ruby-3.0.3/include/ruby-3.0.0/ruby/backward -I/Users/leonardbogdonoff/.metawork/runtimes/ruby-3.0.3/include/ruby-3.0.0 -I. -I/opt/homebrew/opt/sqlite/include -I/Users/leonardbogdonoff/.metawork/runtimes/ruby-3.0.3/include -D_XOPEN_SOURCE -D_DARWIN_C_SOURCE -D_DARWIN_UNLIMITED_SELECT -D_REENTRANT   -I/Users/metawork/buildfarm-worker/shard/operations/b79bb1e5-19f9-4b48-9b38-0e049325ae43/bazel-out/darwin_arm64-opt-ST-02c84008f7a5/bin/ruby/versions/3_0_3/dist.unstamped.configure_libs/include -O3 -ggdb3 -Wall -Wextra -Wdeprecated-declarations -Wdivision-by-zero -Wimplicit-function-declaration -Wimplicit-int -Wmisleading-indentation -Wpointer-arith -Wshorten-64-to-32 -Wwrite-strings -Wmissing-noreturn -Wno-constant-logical-operand -Wno-long-long -Wno-missing-field-initializers -Wno-overlength-strings -Wno-parentheses-equality -Wno-self-assign -Wno-tautological-compare -Wno-unused-parameter -Wno-unused-value -Wunused-variable -Wextra-tokens -fno-common -pipe conftest.c  -L. -L/Users/leonardbogdonoff/.metawork/runtimes/ruby-3.0.3/lib -L/opt/homebrew/opt/sqlite/lib -L. -L/Users/leonardbogdonoff/.metawork/runtimes/ruby-3.0.3/lib -fstack-protector-strong -L/usr/local/lib  -m64  -lsqlite3 -ldl -lpthread  -lruby.3.0 -lsqlite3 -ldl -lpthread   "
ld: warning: directory not found for option '-L/opt/homebrew/opt/sqlite/lib'
checked program was:
/* begin */
 1: #include "ruby.h"
 2: 
 3: /*top*/
 4: extern int t(void);
 5: int main(int argc, char **argv)
 6: {
 7:   if (argc > 1000000) {
 8:     int (* volatile tp)(void)=(int (*)(void))&t;
 9:     printf("%d", (*tp)());
10:   }
11: 
12:   return !!argv[argc];
13: }
14: extern void sqlite3_initialize();
15: int t(void) { sqlite3_initialize(); return 0; }
/* end */

--------------------

have_func: checking for sqlite3_backup_init()... -------------------- yes

"xcrun clang -fdeclspec -o conftest -I/Users/leonardbogdonoff/.metawork/runtimes/ruby-3.0.3/include/ruby-3.0.0/arm64-darwin20 -I/Users/leonardbogdonoff/.metawork/runtimes/ruby-3.0.3/include/ruby-3.0.0/ruby/backward -I/Users/leonardbogdonoff/.metawork/runtimes/ruby-3.0.3/include/ruby-3.0.0 -I. -I/opt/homebrew/opt/sqlite/include -I/Users/leonardbogdonoff/.metawork/runtimes/ruby-3.0.3/include -D_XOPEN_SOURCE -D_DARWIN_C_SOURCE -D_DARWIN_UNLIMITED_SELECT -D_REENTRANT   -I/Users/metawork/buildfarm-worker/shard/operations/b79bb1e5-19f9-4b48-9b38-0e049325ae43/bazel-out/darwin_arm64-opt-ST-02c84008f7a5/bin/ruby/versions/3_0_3/dist.unstamped.configure_libs/include -O3 -ggdb3 -Wall -Wextra -Wdeprecated-declarations -Wdivision-by-zero -Wimplicit-function-declaration -Wimplicit-int -Wmisleading-indentation -Wpointer-arith -Wshorten-64-to-32 -Wwrite-strings -Wmissing-noreturn -Wno-constant-logical-operand -Wno-long-long -Wno-missing-field-initializers -Wno-overlength-strings -Wno-parentheses-equality -Wno-self-assign -Wno-tautological-compare -Wno-unused-parameter -Wno-unused-value -Wunused-variable -Wextra-tokens -fno-common -pipe conftest.c  -L. -L/Users/leonardbogdonoff/.metawork/runtimes/ruby-3.0.3/lib -L/opt/homebrew/opt/sqlite/lib -L. -L/Users/leonardbogdonoff/.metawork/runtimes/ruby-3.0.3/lib -fstack-protector-strong -L/usr/local/lib  -m64  -lsqlite3 -ldl -lpthread  -lruby.3.0 -lsqlite3 -ldl -lpthread   "
conftest.c:14:57: error: use of undeclared identifier 'sqlite3_backup_init'
int t(void) { void ((*volatile p)()); p = (void ((*)()))sqlite3_backup_init; return !p; }
                                                        ^
1 error generated.
checked program was:
/* begin */
 1: #include "ruby.h"
 2: 
 3: /*top*/
 4: extern int t(void);
 5: int main(int argc, char **argv)
 6: {
 7:   if (argc > 1000000) {
 8:     int (* volatile tp)(void)=(int (*)(void))&t;
 9:     printf("%d", (*tp)());
10:   }
11: 
12:   return !!argv[argc];
13: }
14: int t(void) { void ((*volatile p)()); p = (void ((*)()))sqlite3_backup_init; return !p; }
/* end */

"xcrun clang -fdeclspec -o conftest -I/Users/leonardbogdonoff/.metawork/runtimes/ruby-3.0.3/include/ruby-3.0.0/arm64-darwin20 -I/Users/leonardbogdonoff/.metawork/runtimes/ruby-3.0.3/include/ruby-3.0.0/ruby/backward -I/Users/leonardbogdonoff/.metawork/runtimes/ruby-3.0.3/include/ruby-3.0.0 -I. -I/opt/homebrew/opt/sqlite/include -I/Users/leonardbogdonoff/.metawork/runtimes/ruby-3.0.3/include -D_XOPEN_SOURCE -D_DARWIN_C_SOURCE -D_DARWIN_UNLIMITED_SELECT -D_REENTRANT   -I/Users/metawork/buildfarm-worker/shard/operations/b79bb1e5-19f9-4b48-9b38-0e049325ae43/bazel-out/darwin_arm64-opt-ST-02c84008f7a5/bin/ruby/versions/3_0_3/dist.unstamped.configure_libs/include -O3 -ggdb3 -Wall -Wextra -Wdeprecated-declarations -Wdivision-by-zero -Wimplicit-function-declaration -Wimplicit-int -Wmisleading-indentation -Wpointer-arith -Wshorten-64-to-32 -Wwrite-strings -Wmissing-noreturn -Wno-constant-logical-operand -Wno-long-long -Wno-missing-field-initializers -Wno-overlength-strings -Wno-parentheses-equality -Wno-self-assign -Wno-tautological-compare -Wno-unused-parameter -Wno-unused-value -Wunused-variable -Wextra-tokens -fno-common -pipe conftest.c  -L. -L/Users/leonardbogdonoff/.metawork/runtimes/ruby-3.0.3/lib -L/opt/homebrew/opt/sqlite/lib -L. -L/Users/leonardbogdonoff/.metawork/runtimes/ruby-3.0.3/lib -fstack-protector-strong -L/usr/local/lib  -m64  -lsqlite3 -ldl -lpthread  -lruby.3.0 -lsqlite3 -ldl -lpthread   "
ld: warning: directory not found for option '-L/opt/homebrew/opt/sqlite/lib'
checked program was:
/* begin */
 1: #include "ruby.h"
 2: 
 3: /*top*/
 4: extern int t(void);
 5: int main(int argc, char **argv)
 6: {
 7:   if (argc > 1000000) {
 8:     int (* volatile tp)(void)=(int (*)(void))&t;
 9:     printf("%d", (*tp)());
10:   }
11: 
12:   return !!argv[argc];
13: }
14: extern void sqlite3_backup_init();
15: int t(void) { sqlite3_backup_init(); return 0; }
/* end */

--------------------

have_func: checking for sqlite3_column_database_name()... -------------------- yes

"xcrun clang -fdeclspec -o conftest -I/Users/leonardbogdonoff/.metawork/runtimes/ruby-3.0.3/include/ruby-3.0.0/arm64-darwin20 -I/Users/leonardbogdonoff/.metawork/runtimes/ruby-3.0.3/include/ruby-3.0.0/ruby/backward -I/Users/leonardbogdonoff/.metawork/runtimes/ruby-3.0.3/include/ruby-3.0.0 -I. -I/opt/homebrew/opt/sqlite/include -I/Users/leonardbogdonoff/.metawork/runtimes/ruby-3.0.3/include -D_XOPEN_SOURCE -D_DARWIN_C_SOURCE -D_DARWIN_UNLIMITED_SELECT -D_REENTRANT   -I/Users/metawork/buildfarm-worker/shard/operations/b79bb1e5-19f9-4b48-9b38-0e049325ae43/bazel-out/darwin_arm64-opt-ST-02c84008f7a5/bin/ruby/versions/3_0_3/dist.unstamped.configure_libs/include -O3 -ggdb3 -Wall -Wextra -Wdeprecated-declarations -Wdivision-by-zero -Wimplicit-function-declaration -Wimplicit-int -Wmisleading-indentation -Wpointer-arith -Wshorten-64-to-32 -Wwrite-strings -Wmissing-noreturn -Wno-constant-logical-operand -Wno-long-long -Wno-missing-field-initializers -Wno-overlength-strings -Wno-parentheses-equality -Wno-self-assign -Wno-tautological-compare -Wno-unused-parameter -Wno-unused-value -Wunused-variable -Wextra-tokens -fno-common -pipe conftest.c  -L. -L/Users/leonardbogdonoff/.metawork/runtimes/ruby-3.0.3/lib -L/opt/homebrew/opt/sqlite/lib -L. -L/Users/leonardbogdonoff/.metawork/runtimes/ruby-3.0.3/lib -fstack-protector-strong -L/usr/local/lib  -m64  -lsqlite3 -ldl -lpthread  -lruby.3.0 -lsqlite3 -ldl -lpthread   "
conftest.c:14:57: error: use of undeclared identifier 'sqlite3_column_database_name'
int t(void) { void ((*volatile p)()); p = (void ((*)()))sqlite3_column_database_name; return !p; }
                                                        ^
1 error generated.
checked program was:
/* begin */
 1: #include "ruby.h"
 2: 
 3: /*top*/
 4: extern int t(void);
 5: int main(int argc, char **argv)
 6: {
 7:   if (argc > 1000000) {
 8:     int (* volatile tp)(void)=(int (*)(void))&t;
 9:     printf("%d", (*tp)());
10:   }
11: 
12:   return !!argv[argc];
13: }
14: int t(void) { void ((*volatile p)()); p = (void ((*)()))sqlite3_column_database_name; return !p; }
/* end */

"xcrun clang -fdeclspec -o conftest -I/Users/leonardbogdonoff/.metawork/runtimes/ruby-3.0.3/include/ruby-3.0.0/arm64-darwin20 -I/Users/leonardbogdonoff/.metawork/runtimes/ruby-3.0.3/include/ruby-3.0.0/ruby/backward -I/Users/leonardbogdonoff/.metawork/runtimes/ruby-3.0.3/include/ruby-3.0.0 -I. -I/opt/homebrew/opt/sqlite/include -I/Users/leonardbogdonoff/.metawork/runtimes/ruby-3.0.3/include -D_XOPEN_SOURCE -D_DARWIN_C_SOURCE -D_DARWIN_UNLIMITED_SELECT -D_REENTRANT   -I/Users/metawork/buildfarm-worker/shard/operations/b79bb1e5-19f9-4b48-9b38-0e049325ae43/bazel-out/darwin_arm64-opt-ST-02c84008f7a5/bin/ruby/versions/3_0_3/dist.unstamped.configure_libs/include -O3 -ggdb3 -Wall -Wextra -Wdeprecated-declarations -Wdivision-by-zero -Wimplicit-function-declaration -Wimplicit-int -Wmisleading-indentation -Wpointer-arith -Wshorten-64-to-32 -Wwrite-strings -Wmissing-noreturn -Wno-constant-logical-operand -Wno-long-long -Wno-missing-field-initializers -Wno-overlength-strings -Wno-parentheses-equality -Wno-self-assign -Wno-tautological-compare -Wno-unused-parameter -Wno-unused-value -Wunused-variable -Wextra-tokens -fno-common -pipe conftest.c  -L. -L/Users/leonardbogdonoff/.metawork/runtimes/ruby-3.0.3/lib -L/opt/homebrew/opt/sqlite/lib -L. -L/Users/leonardbogdonoff/.metawork/runtimes/ruby-3.0.3/lib -fstack-protector-strong -L/usr/local/lib  -m64  -lsqlite3 -ldl -lpthread  -lruby.3.0 -lsqlite3 -ldl -lpthread   "
ld: warning: directory not found for option '-L/opt/homebrew/opt/sqlite/lib'
checked program was:
/* begin */
 1: #include "ruby.h"
 2: 
 3: /*top*/
 4: extern int t(void);
 5: int main(int argc, char **argv)
 6: {
 7:   if (argc > 1000000) {
 8:     int (* volatile tp)(void)=(int (*)(void))&t;
 9:     printf("%d", (*tp)());
10:   }
11: 
12:   return !!argv[argc];
13: }
14: extern void sqlite3_column_database_name();
15: int t(void) { sqlite3_column_database_name(); return 0; }
/* end */

--------------------

have_func: checking for sqlite3_enable_load_extension()... -------------------- no

"xcrun clang -fdeclspec -o conftest -I/Users/leonardbogdonoff/.metawork/runtimes/ruby-3.0.3/include/ruby-3.0.0/arm64-darwin20 -I/Users/leonardbogdonoff/.metawork/runtimes/ruby-3.0.3/include/ruby-3.0.0/ruby/backward -I/Users/leonardbogdonoff/.metawork/runtimes/ruby-3.0.3/include/ruby-3.0.0 -I. -I/opt/homebrew/opt/sqlite/include -I/Users/leonardbogdonoff/.metawork/runtimes/ruby-3.0.3/include -D_XOPEN_SOURCE -D_DARWIN_C_SOURCE -D_DARWIN_UNLIMITED_SELECT -D_REENTRANT   -I/Users/metawork/buildfarm-worker/shard/operations/b79bb1e5-19f9-4b48-9b38-0e049325ae43/bazel-out/darwin_arm64-opt-ST-02c84008f7a5/bin/ruby/versions/3_0_3/dist.unstamped.configure_libs/include -O3 -ggdb3 -Wall -Wextra -Wdeprecated-declarations -Wdivision-by-zero -Wimplicit-function-declaration -Wimplicit-int -Wmisleading-indentation -Wpointer-arith -Wshorten-64-to-32 -Wwrite-strings -Wmissing-noreturn -Wno-constant-logical-operand -Wno-long-long -Wno-missing-field-initializers -Wno-overlength-strings -Wno-parentheses-equality -Wno-self-assign -Wno-tautological-compare -Wno-unused-parameter -Wno-unused-value -Wunused-variable -Wextra-tokens -fno-common -pipe conftest.c  -L. -L/Users/leonardbogdonoff/.metawork/runtimes/ruby-3.0.3/lib -L/opt/homebrew/opt/sqlite/lib -L. -L/Users/leonardbogdonoff/.metawork/runtimes/ruby-3.0.3/lib -fstack-protector-strong -L/usr/local/lib  -m64  -lsqlite3 -ldl -lpthread  -lruby.3.0 -lsqlite3 -ldl -lpthread   "
conftest.c:14:57: error: use of undeclared identifier 'sqlite3_enable_load_extension'
int t(void) { void ((*volatile p)()); p = (void ((*)()))sqlite3_enable_load_extension; return !p; }
                                                        ^
1 error generated.
checked program was:
/* begin */
 1: #include "ruby.h"
 2: 
 3: /*top*/
 4: extern int t(void);
 5: int main(int argc, char **argv)
 6: {
 7:   if (argc > 1000000) {
 8:     int (* volatile tp)(void)=(int (*)(void))&t;
 9:     printf("%d", (*tp)());
10:   }
11: 
12:   return !!argv[argc];
13: }
14: int t(void) { void ((*volatile p)()); p = (void ((*)()))sqlite3_enable_load_extension; return !p; }
/* end */

"xcrun clang -fdeclspec -o conftest -I/Users/leonardbogdonoff/.metawork/runtimes/ruby-3.0.3/include/ruby-3.0.0/arm64-darwin20 -I/Users/leonardbogdonoff/.metawork/runtimes/ruby-3.0.3/include/ruby-3.0.0/ruby/backward -I/Users/leonardbogdonoff/.metawork/runtimes/ruby-3.0.3/include/ruby-3.0.0 -I. -I/opt/homebrew/opt/sqlite/include -I/Users/leonardbogdonoff/.metawork/runtimes/ruby-3.0.3/include -D_XOPEN_SOURCE -D_DARWIN_C_SOURCE -D_DARWIN_UNLIMITED_SELECT -D_REENTRANT   -I/Users/metawork/buildfarm-worker/shard/operations/b79bb1e5-19f9-4b48-9b38-0e049325ae43/bazel-out/darwin_arm64-opt-ST-02c84008f7a5/bin/ruby/versions/3_0_3/dist.unstamped.configure_libs/include -O3 -ggdb3 -Wall -Wextra -Wdeprecated-declarations -Wdivision-by-zero -Wimplicit-function-declaration -Wimplicit-int -Wmisleading-indentation -Wpointer-arith -Wshorten-64-to-32 -Wwrite-strings -Wmissing-noreturn -Wno-constant-logical-operand -Wno-long-long -Wno-missing-field-initializers -Wno-overlength-strings -Wno-parentheses-equality -Wno-self-assign -Wno-tautological-compare -Wno-unused-parameter -Wno-unused-value -Wunused-variable -Wextra-tokens -fno-common -pipe conftest.c  -L. -L/Users/leonardbogdonoff/.metawork/runtimes/ruby-3.0.3/lib -L/opt/homebrew/opt/sqlite/lib -L. -L/Users/leonardbogdonoff/.metawork/runtimes/ruby-3.0.3/lib -fstack-protector-strong -L/usr/local/lib  -m64  -lsqlite3 -ldl -lpthread  -lruby.3.0 -lsqlite3 -ldl -lpthread   "
ld: warning: directory not found for option '-L/opt/homebrew/opt/sqlite/lib'
Undefined symbols for architecture arm64:
  "_sqlite3_enable_load_extension", referenced from:
      _t in conftest-640008.o
ld: symbol(s) not found for architecture arm64
clang: error: linker command failed with exit code 1 (use -v to see invocation)
checked program was:
/* begin */
 1: #include "ruby.h"
 2: 
 3: /*top*/
 4: extern int t(void);
 5: int main(int argc, char **argv)
 6: {
 7:   if (argc > 1000000) {
 8:     int (* volatile tp)(void)=(int (*)(void))&t;
 9:     printf("%d", (*tp)());
10:   }
11: 
12:   return !!argv[argc];
13: }
14: extern void sqlite3_enable_load_extension();
15: int t(void) { sqlite3_enable_load_extension(); return 0; }
/* end */

--------------------

have_func: checking for sqlite3_load_extension()... -------------------- no

"xcrun clang -fdeclspec -o conftest -I/Users/leonardbogdonoff/.metawork/runtimes/ruby-3.0.3/include/ruby-3.0.0/arm64-darwin20 -I/Users/leonardbogdonoff/.metawork/runtimes/ruby-3.0.3/include/ruby-3.0.0/ruby/backward -I/Users/leonardbogdonoff/.metawork/runtimes/ruby-3.0.3/include/ruby-3.0.0 -I. -I/opt/homebrew/opt/sqlite/include -I/Users/leonardbogdonoff/.metawork/runtimes/ruby-3.0.3/include -D_XOPEN_SOURCE -D_DARWIN_C_SOURCE -D_DARWIN_UNLIMITED_SELECT -D_REENTRANT   -I/Users/metawork/buildfarm-worker/shard/operations/b79bb1e5-19f9-4b48-9b38-0e049325ae43/bazel-out/darwin_arm64-opt-ST-02c84008f7a5/bin/ruby/versions/3_0_3/dist.unstamped.configure_libs/include -O3 -ggdb3 -Wall -Wextra -Wdeprecated-declarations -Wdivision-by-zero -Wimplicit-function-declaration -Wimplicit-int -Wmisleading-indentation -Wpointer-arith -Wshorten-64-to-32 -Wwrite-strings -Wmissing-noreturn -Wno-constant-logical-operand -Wno-long-long -Wno-missing-field-initializers -Wno-overlength-strings -Wno-parentheses-equality -Wno-self-assign -Wno-tautological-compare -Wno-unused-parameter -Wno-unused-value -Wunused-variable -Wextra-tokens -fno-common -pipe conftest.c  -L. -L/Users/leonardbogdonoff/.metawork/runtimes/ruby-3.0.3/lib -L/opt/homebrew/opt/sqlite/lib -L. -L/Users/leonardbogdonoff/.metawork/runtimes/ruby-3.0.3/lib -fstack-protector-strong -L/usr/local/lib  -m64  -lsqlite3 -ldl -lpthread  -lruby.3.0 -lsqlite3 -ldl -lpthread   "
conftest.c:14:57: error: use of undeclared identifier 'sqlite3_load_extension'
int t(void) { void ((*volatile p)()); p = (void ((*)()))sqlite3_load_extension; return !p; }
                                                        ^
1 error generated.
checked program was:
/* begin */
 1: #include "ruby.h"
 2: 
 3: /*top*/
 4: extern int t(void);
 5: int main(int argc, char **argv)
 6: {
 7:   if (argc > 1000000) {
 8:     int (* volatile tp)(void)=(int (*)(void))&t;
 9:     printf("%d", (*tp)());
10:   }
11: 
12:   return !!argv[argc];
13: }
14: int t(void) { void ((*volatile p)()); p = (void ((*)()))sqlite3_load_extension; return !p; }
/* end */

"xcrun clang -fdeclspec -o conftest -I/Users/leonardbogdonoff/.metawork/runtimes/ruby-3.0.3/include/ruby-3.0.0/arm64-darwin20 -I/Users/leonardbogdonoff/.metawork/runtimes/ruby-3.0.3/include/ruby-3.0.0/ruby/backward -I/Users/leonardbogdonoff/.metawork/runtimes/ruby-3.0.3/include/ruby-3.0.0 -I. -I/opt/homebrew/opt/sqlite/include -I/Users/leonardbogdonoff/.metawork/runtimes/ruby-3.0.3/include -D_XOPEN_SOURCE -D_DARWIN_C_SOURCE -D_DARWIN_UNLIMITED_SELECT -D_REENTRANT   -I/Users/metawork/buildfarm-worker/shard/operations/b79bb1e5-19f9-4b48-9b38-0e049325ae43/bazel-out/darwin_arm64-opt-ST-02c84008f7a5/bin/ruby/versions/3_0_3/dist.unstamped.configure_libs/include -O3 -ggdb3 -Wall -Wextra -Wdeprecated-declarations -Wdivision-by-zero -Wimplicit-function-declaration -Wimplicit-int -Wmisleading-indentation -Wpointer-arith -Wshorten-64-to-32 -Wwrite-strings -Wmissing-noreturn -Wno-constant-logical-operand -Wno-long-long -Wno-missing-field-initializers -Wno-overlength-strings -Wno-parentheses-equality -Wno-self-assign -Wno-tautological-compare -Wno-unused-parameter -Wno-unused-value -Wunused-variable -Wextra-tokens -fno-common -pipe conftest.c  -L. -L/Users/leonardbogdonoff/.metawork/runtimes/ruby-3.0.3/lib -L/opt/homebrew/opt/sqlite/lib -L. -L/Users/leonardbogdonoff/.metawork/runtimes/ruby-3.0.3/lib -fstack-protector-strong -L/usr/local/lib  -m64  -lsqlite3 -ldl -lpthread  -lruby.3.0 -lsqlite3 -ldl -lpthread   "
ld: warning: directory not found for option '-L/opt/homebrew/opt/sqlite/lib'
Undefined symbols for architecture arm64:
  "_sqlite3_load_extension", referenced from:
      _t in conftest-b6d94c.o
ld: symbol(s) not found for architecture arm64
clang: error: linker command failed with exit code 1 (use -v to see invocation)
checked program was:
/* begin */
 1: #include "ruby.h"
 2: 
 3: /*top*/
 4: extern int t(void);
 5: int main(int argc, char **argv)
 6: {
 7:   if (argc > 1000000) {
 8:     int (* volatile tp)(void)=(int (*)(void))&t;
 9:     printf("%d", (*tp)());
10:   }
11: 
12:   return !!argv[argc];
13: }
14: extern void sqlite3_load_extension();
15: int t(void) { sqlite3_load_extension(); return 0; }
/* end */

--------------------

have_func: checking for sqlite3_open_v2()... -------------------- yes

"xcrun clang -fdeclspec -o conftest -I/Users/leonardbogdonoff/.metawork/runtimes/ruby-3.0.3/include/ruby-3.0.0/arm64-darwin20 -I/Users/leonardbogdonoff/.metawork/runtimes/ruby-3.0.3/include/ruby-3.0.0/ruby/backward -I/Users/leonardbogdonoff/.metawork/runtimes/ruby-3.0.3/include/ruby-3.0.0 -I. -I/opt/homebrew/opt/sqlite/include -I/Users/leonardbogdonoff/.metawork/runtimes/ruby-3.0.3/include -D_XOPEN_SOURCE -D_DARWIN_C_SOURCE -D_DARWIN_UNLIMITED_SELECT -D_REENTRANT   -I/Users/metawork/buildfarm-worker/shard/operations/b79bb1e5-19f9-4b48-9b38-0e049325ae43/bazel-out/darwin_arm64-opt-ST-02c84008f7a5/bin/ruby/versions/3_0_3/dist.unstamped.configure_libs/include -O3 -ggdb3 -Wall -Wextra -Wdeprecated-declarations -Wdivision-by-zero -Wimplicit-function-declaration -Wimplicit-int -Wmisleading-indentation -Wpointer-arith -Wshorten-64-to-32 -Wwrite-strings -Wmissing-noreturn -Wno-constant-logical-operand -Wno-long-long -Wno-missing-field-initializers -Wno-overlength-strings -Wno-parentheses-equality -Wno-self-assign -Wno-tautological-compare -Wno-unused-parameter -Wno-unused-value -Wunused-variable -Wextra-tokens -fno-common -pipe conftest.c  -L. -L/Users/leonardbogdonoff/.metawork/runtimes/ruby-3.0.3/lib -L/opt/homebrew/opt/sqlite/lib -L. -L/Users/leonardbogdonoff/.metawork/runtimes/ruby-3.0.3/lib -fstack-protector-strong -L/usr/local/lib  -m64  -lsqlite3 -ldl -lpthread  -lruby.3.0 -lsqlite3 -ldl -lpthread   "
conftest.c:14:57: error: use of undeclared identifier 'sqlite3_open_v2'
int t(void) { void ((*volatile p)()); p = (void ((*)()))sqlite3_open_v2; return !p; }
                                                        ^
1 error generated.
checked program was:
/* begin */
 1: #include "ruby.h"
 2: 
 3: /*top*/
 4: extern int t(void);
 5: int main(int argc, char **argv)
 6: {
 7:   if (argc > 1000000) {
 8:     int (* volatile tp)(void)=(int (*)(void))&t;
 9:     printf("%d", (*tp)());
10:   }
11: 
12:   return !!argv[argc];
13: }
14: int t(void) { void ((*volatile p)()); p = (void ((*)()))sqlite3_open_v2; return !p; }
/* end */

"xcrun clang -fdeclspec -o conftest -I/Users/leonardbogdonoff/.metawork/runtimes/ruby-3.0.3/include/ruby-3.0.0/arm64-darwin20 -I/Users/leonardbogdonoff/.metawork/runtimes/ruby-3.0.3/include/ruby-3.0.0/ruby/backward -I/Users/leonardbogdonoff/.metawork/runtimes/ruby-3.0.3/include/ruby-3.0.0 -I. -I/opt/homebrew/opt/sqlite/include -I/Users/leonardbogdonoff/.metawork/runtimes/ruby-3.0.3/include -D_XOPEN_SOURCE -D_DARWIN_C_SOURCE -D_DARWIN_UNLIMITED_SELECT -D_REENTRANT   -I/Users/metawork/buildfarm-worker/shard/operations/b79bb1e5-19f9-4b48-9b38-0e049325ae43/bazel-out/darwin_arm64-opt-ST-02c84008f7a5/bin/ruby/versions/3_0_3/dist.unstamped.configure_libs/include -O3 -ggdb3 -Wall -Wextra -Wdeprecated-declarations -Wdivision-by-zero -Wimplicit-function-declaration -Wimplicit-int -Wmisleading-indentation -Wpointer-arith -Wshorten-64-to-32 -Wwrite-strings -Wmissing-noreturn -Wno-constant-logical-operand -Wno-long-long -Wno-missing-field-initializers -Wno-overlength-strings -Wno-parentheses-equality -Wno-self-assign -Wno-tautological-compare -Wno-unused-parameter -Wno-unused-value -Wunused-variable -Wextra-tokens -fno-common -pipe conftest.c  -L. -L/Users/leonardbogdonoff/.metawork/runtimes/ruby-3.0.3/lib -L/opt/homebrew/opt/sqlite/lib -L. -L/Users/leonardbogdonoff/.metawork/runtimes/ruby-3.0.3/lib -fstack-protector-strong -L/usr/local/lib  -m64  -lsqlite3 -ldl -lpthread  -lruby.3.0 -lsqlite3 -ldl -lpthread   "
ld: warning: directory not found for option '-L/opt/homebrew/opt/sqlite/lib'
checked program was:
/* begin */
 1: #include "ruby.h"
 2: 
 3: /*top*/
 4: extern int t(void);
 5: int main(int argc, char **argv)
 6: {
 7:   if (argc > 1000000) {
 8:     int (* volatile tp)(void)=(int (*)(void))&t;
 9:     printf("%d", (*tp)());
10:   }
11: 
12:   return !!argv[argc];
13: }
14: extern void sqlite3_open_v2();
15: int t(void) { sqlite3_open_v2(); return 0; }
/* end */

--------------------

have_func: checking for sqlite3_prepare_v2()... -------------------- yes

"xcrun clang -fdeclspec -o conftest -I/Users/leonardbogdonoff/.metawork/runtimes/ruby-3.0.3/include/ruby-3.0.0/arm64-darwin20 -I/Users/leonardbogdonoff/.metawork/runtimes/ruby-3.0.3/include/ruby-3.0.0/ruby/backward -I/Users/leonardbogdonoff/.metawork/runtimes/ruby-3.0.3/include/ruby-3.0.0 -I. -I/opt/homebrew/opt/sqlite/include -I/Users/leonardbogdonoff/.metawork/runtimes/ruby-3.0.3/include -D_XOPEN_SOURCE -D_DARWIN_C_SOURCE -D_DARWIN_UNLIMITED_SELECT -D_REENTRANT   -I/Users/metawork/buildfarm-worker/shard/operations/b79bb1e5-19f9-4b48-9b38-0e049325ae43/bazel-out/darwin_arm64-opt-ST-02c84008f7a5/bin/ruby/versions/3_0_3/dist.unstamped.configure_libs/include -O3 -ggdb3 -Wall -Wextra -Wdeprecated-declarations -Wdivision-by-zero -Wimplicit-function-declaration -Wimplicit-int -Wmisleading-indentation -Wpointer-arith -Wshorten-64-to-32 -Wwrite-strings -Wmissing-noreturn -Wno-constant-logical-operand -Wno-long-long -Wno-missing-field-initializers -Wno-overlength-strings -Wno-parentheses-equality -Wno-self-assign -Wno-tautological-compare -Wno-unused-parameter -Wno-unused-value -Wunused-variable -Wextra-tokens -fno-common -pipe conftest.c  -L. -L/Users/leonardbogdonoff/.metawork/runtimes/ruby-3.0.3/lib -L/opt/homebrew/opt/sqlite/lib -L. -L/Users/leonardbogdonoff/.metawork/runtimes/ruby-3.0.3/lib -fstack-protector-strong -L/usr/local/lib  -m64  -lsqlite3 -ldl -lpthread  -lruby.3.0 -lsqlite3 -ldl -lpthread   "
conftest.c:14:57: error: use of undeclared identifier 'sqlite3_prepare_v2'
int t(void) { void ((*volatile p)()); p = (void ((*)()))sqlite3_prepare_v2; return !p; }
                                                        ^
1 error generated.
checked program was:
/* begin */
 1: #include "ruby.h"
 2: 
 3: /*top*/
 4: extern int t(void);
 5: int main(int argc, char **argv)
 6: {
 7:   if (argc > 1000000) {
 8:     int (* volatile tp)(void)=(int (*)(void))&t;
 9:     printf("%d", (*tp)());
10:   }
11: 
12:   return !!argv[argc];
13: }
14: int t(void) { void ((*volatile p)()); p = (void ((*)()))sqlite3_prepare_v2; return !p; }
/* end */

"xcrun clang -fdeclspec -o conftest -I/Users/leonardbogdonoff/.metawork/runtimes/ruby-3.0.3/include/ruby-3.0.0/arm64-darwin20 -I/Users/leonardbogdonoff/.metawork/runtimes/ruby-3.0.3/include/ruby-3.0.0/ruby/backward -I/Users/leonardbogdonoff/.metawork/runtimes/ruby-3.0.3/include/ruby-3.0.0 -I. -I/opt/homebrew/opt/sqlite/include -I/Users/leonardbogdonoff/.metawork/runtimes/ruby-3.0.3/include -D_XOPEN_SOURCE -D_DARWIN_C_SOURCE -D_DARWIN_UNLIMITED_SELECT -D_REENTRANT   -I/Users/metawork/buildfarm-worker/shard/operations/b79bb1e5-19f9-4b48-9b38-0e049325ae43/bazel-out/darwin_arm64-opt-ST-02c84008f7a5/bin/ruby/versions/3_0_3/dist.unstamped.configure_libs/include -O3 -ggdb3 -Wall -Wextra -Wdeprecated-declarations -Wdivision-by-zero -Wimplicit-function-declaration -Wimplicit-int -Wmisleading-indentation -Wpointer-arith -Wshorten-64-to-32 -Wwrite-strings -Wmissing-noreturn -Wno-constant-logical-operand -Wno-long-long -Wno-missing-field-initializers -Wno-overlength-strings -Wno-parentheses-equality -Wno-self-assign -Wno-tautological-compare -Wno-unused-parameter -Wno-unused-value -Wunused-variable -Wextra-tokens -fno-common -pipe conftest.c  -L. -L/Users/leonardbogdonoff/.metawork/runtimes/ruby-3.0.3/lib -L/opt/homebrew/opt/sqlite/lib -L. -L/Users/leonardbogdonoff/.metawork/runtimes/ruby-3.0.3/lib -fstack-protector-strong -L/usr/local/lib  -m64  -lsqlite3 -ldl -lpthread  -lruby.3.0 -lsqlite3 -ldl -lpthread   "
ld: warning: directory not found for option '-L/opt/homebrew/opt/sqlite/lib'
checked program was:
/* begin */
 1: #include "ruby.h"
 2: 
 3: /*top*/
 4: extern int t(void);
 5: int main(int argc, char **argv)
 6: {
 7:   if (argc > 1000000) {
 8:     int (* volatile tp)(void)=(int (*)(void))&t;
 9:     printf("%d", (*tp)());
10:   }
11: 
12:   return !!argv[argc];
13: }
14: extern void sqlite3_prepare_v2();
15: int t(void) { sqlite3_prepare_v2(); return 0; }
/* end */

--------------------

have_type: checking for sqlite3_int64 in sqlite3.h... -------------------- yes

"xcrun clang -fdeclspec -I/Users/leonardbogdonoff/.metawork/runtimes/ruby-3.0.3/include/ruby-3.0.0/arm64-darwin20 -I/Users/leonardbogdonoff/.metawork/runtimes/ruby-3.0.3/include/ruby-3.0.0/ruby/backward -I/Users/leonardbogdonoff/.metawork/runtimes/ruby-3.0.3/include/ruby-3.0.0 -I. -I/opt/homebrew/opt/sqlite/include -I/Users/leonardbogdonoff/.metawork/runtimes/ruby-3.0.3/include -D_XOPEN_SOURCE -D_DARWIN_C_SOURCE -D_DARWIN_UNLIMITED_SELECT -D_REENTRANT   -I/Users/metawork/buildfarm-worker/shard/operations/b79bb1e5-19f9-4b48-9b38-0e049325ae43/bazel-out/darwin_arm64-opt-ST-02c84008f7a5/bin/ruby/versions/3_0_3/dist.unstamped.configure_libs/include -O3 -ggdb3 -Wall -Wextra -Wdeprecated-declarations -Wdivision-by-zero -Wimplicit-function-declaration -Wimplicit-int -Wmisleading-indentation -Wpointer-arith -Wshorten-64-to-32 -Wwrite-strings -Wmissing-noreturn -Wno-constant-logical-operand -Wno-long-long -Wno-missing-field-initializers -Wno-overlength-strings -Wno-parentheses-equality -Wno-self-assign -Wno-tautological-compare -Wno-unused-parameter -Wno-unused-value -Wunused-variable -Wextra-tokens -fno-common -pipe -m64  -c conftest.c"
checked program was:
/* begin */
1: #include "ruby.h"
2: 
3: #include <sqlite3.h>
4: 
5: /*top*/
6: typedef sqlite3_int64 conftest_type;
7: int conftestval[sizeof(conftest_type)?1:-1];
/* end */

--------------------

have_type: checking for sqlite3_uint64 in sqlite3.h... -------------------- yes

"xcrun clang -fdeclspec -I/Users/leonardbogdonoff/.metawork/runtimes/ruby-3.0.3/include/ruby-3.0.0/arm64-darwin20 -I/Users/leonardbogdonoff/.metawork/runtimes/ruby-3.0.3/include/ruby-3.0.0/ruby/backward -I/Users/leonardbogdonoff/.metawork/runtimes/ruby-3.0.3/include/ruby-3.0.0 -I. -I/opt/homebrew/opt/sqlite/include -I/Users/leonardbogdonoff/.metawork/runtimes/ruby-3.0.3/include -D_XOPEN_SOURCE -D_DARWIN_C_SOURCE -D_DARWIN_UNLIMITED_SELECT -D_REENTRANT   -I/Users/metawork/buildfarm-worker/shard/operations/b79bb1e5-19f9-4b48-9b38-0e049325ae43/bazel-out/darwin_arm64-opt-ST-02c84008f7a5/bin/ruby/versions/3_0_3/dist.unstamped.configure_libs/include -O3 -ggdb3 -Wall -Wextra -Wdeprecated-declarations -Wdivision-by-zero -Wimplicit-function-declaration -Wimplicit-int -Wmisleading-indentation -Wpointer-arith -Wshorten-64-to-32 -Wwrite-strings -Wmissing-noreturn -Wno-constant-logical-operand -Wno-long-long -Wno-missing-field-initializers -Wno-overlength-strings -Wno-parentheses-equality -Wno-self-assign -Wno-tautological-compare -Wno-unused-parameter -Wno-unused-value -Wunused-variable -Wextra-tokens -fno-common -pipe -m64  -c conftest.c"
checked program was:
/* begin */
1: #include "ruby.h"
2: 
3: #include <sqlite3.h>
4: 
5: /*top*/
6: typedef sqlite3_uint64 conftest_type;
7: int conftestval[sizeof(conftest_type)?1:-1];
/* end */

--------------------

