"xcrun clang -fdeclspec -o conftest -I/Users/leonardbogdonoff/.metawork/runtimes/ruby-3.0.3/include/ruby-3.0.0/arm64-darwin20 -I/Users/leonardbogdonoff/.metawork/runtimes/ruby-3.0.3/include/ruby-3.0.0/ruby/backward -I/Users/leonardbogdonoff/.metawork/runtimes/ruby-3.0.3/include/ruby-3.0.0 -I. -I/Users/leonardbogdonoff/.metawork/runtimes/ruby-3.0.3/include -D_XOPEN_SOURCE -D_DARWIN_C_SOURCE -D_DARWIN_UNLIMITED_SELECT -D_REENTRANT   -I/Users/metawork/buildfarm-worker/shard/operations/b79bb1e5-19f9-4b48-9b38-0e049325ae43/bazel-out/darwin_arm64-opt-ST-02c84008f7a5/bin/ruby/versions/3_0_3/dist.unstamped.configure_libs/include -O3 -ggdb3 -Wall -Wextra -Wdeprecated-declarations -Wdivision-by-zero -Wimplicit-function-declaration -Wimplicit-int -Wmisleading-indentation -Wpointer-arith -Wshorten-64-to-32 -Wwrite-strings -Wmissing-noreturn -Wno-constant-logical-operand -Wno-long-long -Wno-missing-field-initializers -Wno-overlength-strings -Wno-parentheses-equality -Wno-self-assign -Wno-tautological-compare -Wno-unused-parameter -Wno-unused-value -Wunused-variable -Wextra-tokens -fno-common -pipe conftest.c  -L. -L/Users/leonardbogdonoff/.metawork/runtimes/ruby-3.0.3/lib -L. -L/Users/leonardbogdonoff/.metawork/runtimes/ruby-3.0.3/lib -fstack-protector-strong -L/usr/local/lib  -m64   -lruby.3.0   "
checked program was:
/* begin */
1: #include "ruby.h"
2: 
3: int main(int argc, char **argv)
4: {
5:   return !!argv[argc];
6: }
/* end */

"xcrun clang -fdeclspec -I/Users/leonardbogdonoff/.metawork/runtimes/ruby-3.0.3/include/ruby-3.0.0/arm64-darwin20 -I/Users/leonardbogdonoff/.metawork/runtimes/ruby-3.0.3/include/ruby-3.0.0/ruby/backward -I/Users/leonardbogdonoff/.metawork/runtimes/ruby-3.0.3/include/ruby-3.0.0 -I. -I/Users/leonardbogdonoff/.metawork/runtimes/ruby-3.0.3/include -D_XOPEN_SOURCE -D_DARWIN_C_SOURCE -D_DARWIN_UNLIMITED_SELECT -D_REENTRANT   -I/Users/metawork/buildfarm-worker/shard/operations/b79bb1e5-19f9-4b48-9b38-0e049325ae43/bazel-out/darwin_arm64-opt-ST-02c84008f7a5/bin/ruby/versions/3_0_3/dist.unstamped.configure_libs/include -O3 -ggdb3 -Wall -Wextra -Wdeprecated-declarations -Wdivision-by-zero -Wimplicit-function-declaration -Wimplicit-int -Wmisleading-indentation -Wpointer-arith -Wshorten-64-to-32 -Wwrite-strings -Wmissing-noreturn -Wno-constant-logical-operand -Wno-long-long -Wno-missing-field-initializers -Wno-overlength-strings -Wno-parentheses-equality -Wno-self-assign -Wno-tautological-compare -Wno-unused-parameter -Wno-unused-value -Wunused-variable -Wextra-tokens -fno-common -pipe -m64  -c conftest.c"
conftest.c:5:3: error: 
# error
  ^
conftest.c:6:1: error: expected identifier or '('
|:/ === _WIN32 undefined === /:|
^
2 errors generated.
checked program was:
/* begin */
1: #include "ruby.h"
2: 
3: /*top*/
4: #ifndef _WIN32
5: # error
6: |:/ === _WIN32 undefined === /:|
7: #endif
/* end */

have_header: checking for termios.h... -------------------- yes

"xcrun clang -fdeclspec -E -I/Users/leonardbogdonoff/.metawork/runtimes/ruby-3.0.3/include/ruby-3.0.0/arm64-darwin20 -I/Users/leonardbogdonoff/.metawork/runtimes/ruby-3.0.3/include/ruby-3.0.0/ruby/backward -I/Users/leonardbogdonoff/.metawork/runtimes/ruby-3.0.3/include/ruby-3.0.0 -I. -I/Users/leonardbogdonoff/.metawork/runtimes/ruby-3.0.3/include -D_XOPEN_SOURCE -D_DARWIN_C_SOURCE -D_DARWIN_UNLIMITED_SELECT -D_REENTRANT   -I/Users/metawork/buildfarm-worker/shard/operations/b79bb1e5-19f9-4b48-9b38-0e049325ae43/bazel-out/darwin_arm64-opt-ST-02c84008f7a5/bin/ruby/versions/3_0_3/dist.unstamped.configure_libs/include -O3 -ggdb3 -Wall -Wextra -Wdeprecated-declarations -Wdivision-by-zero -Wimplicit-function-declaration -Wimplicit-int -Wmisleading-indentation -Wpointer-arith -Wshorten-64-to-32 -Wwrite-strings -Wmissing-noreturn -Wno-constant-logical-operand -Wno-long-long -Wno-missing-field-initializers -Wno-overlength-strings -Wno-parentheses-equality -Wno-self-assign -Wno-tautological-compare -Wno-unused-parameter -Wno-unused-value -Wunused-variable -Wextra-tokens -fno-common -pipe  conftest.c -o conftest.i"
checked program was:
/* begin */
1: #include "ruby.h"
2: 
3: #include <termios.h>
/* end */

--------------------

have_func: checking for cfmakeraw() in termios.h... -------------------- yes

"xcrun clang -fdeclspec -o conftest -I/Users/leonardbogdonoff/.metawork/runtimes/ruby-3.0.3/include/ruby-3.0.0/arm64-darwin20 -I/Users/leonardbogdonoff/.metawork/runtimes/ruby-3.0.3/include/ruby-3.0.0/ruby/backward -I/Users/leonardbogdonoff/.metawork/runtimes/ruby-3.0.3/include/ruby-3.0.0 -I. -I/Users/leonardbogdonoff/.metawork/runtimes/ruby-3.0.3/include -D_XOPEN_SOURCE -D_DARWIN_C_SOURCE -D_DARWIN_UNLIMITED_SELECT -D_REENTRANT   -I/Users/metawork/buildfarm-worker/shard/operations/b79bb1e5-19f9-4b48-9b38-0e049325ae43/bazel-out/darwin_arm64-opt-ST-02c84008f7a5/bin/ruby/versions/3_0_3/dist.unstamped.configure_libs/include -O3 -ggdb3 -Wall -Wextra -Wdeprecated-declarations -Wdivision-by-zero -Wimplicit-function-declaration -Wimplicit-int -Wmisleading-indentation -Wpointer-arith -Wshorten-64-to-32 -Wwrite-strings -Wmissing-noreturn -Wno-constant-logical-operand -Wno-long-long -Wno-missing-field-initializers -Wno-overlength-strings -Wno-parentheses-equality -Wno-self-assign -Wno-tautological-compare -Wno-unused-parameter -Wno-unused-value -Wunused-variable -Wextra-tokens -fno-common -pipe conftest.c  -L. -L/Users/leonardbogdonoff/.metawork/runtimes/ruby-3.0.3/lib -L. -L/Users/leonardbogdonoff/.metawork/runtimes/ruby-3.0.3/lib -fstack-protector-strong -L/usr/local/lib  -m64   -lruby.3.0   "
checked program was:
/* begin */
 1: #include "ruby.h"
 2: 
 3: #include <termios.h>
 4: 
 5: /*top*/
 6: extern int t(void);
 7: int main(int argc, char **argv)
 8: {
 9:   if (argc > 1000000) {
10:     int (* volatile tp)(void)=(int (*)(void))&t;
11:     printf("%d", (*tp)());
12:   }
13: 
14:   return !!argv[argc];
15: }
16: int t(void) { void ((*volatile p)()); p = (void ((*)()))cfmakeraw; return !p; }
/* end */

--------------------

have_header: checking for sys/ioctl.h... -------------------- yes

"xcrun clang -fdeclspec -E -I/Users/leonardbogdonoff/.metawork/runtimes/ruby-3.0.3/include/ruby-3.0.0/arm64-darwin20 -I/Users/leonardbogdonoff/.metawork/runtimes/ruby-3.0.3/include/ruby-3.0.0/ruby/backward -I/Users/leonardbogdonoff/.metawork/runtimes/ruby-3.0.3/include/ruby-3.0.0 -I. -I/Users/leonardbogdonoff/.metawork/runtimes/ruby-3.0.3/include -D_XOPEN_SOURCE -D_DARWIN_C_SOURCE -D_DARWIN_UNLIMITED_SELECT -D_REENTRANT   -I/Users/metawork/buildfarm-worker/shard/operations/b79bb1e5-19f9-4b48-9b38-0e049325ae43/bazel-out/darwin_arm64-opt-ST-02c84008f7a5/bin/ruby/versions/3_0_3/dist.unstamped.configure_libs/include -O3 -ggdb3 -Wall -Wextra -Wdeprecated-declarations -Wdivision-by-zero -Wimplicit-function-declaration -Wimplicit-int -Wmisleading-indentation -Wpointer-arith -Wshorten-64-to-32 -Wwrite-strings -Wmissing-noreturn -Wno-constant-logical-operand -Wno-long-long -Wno-missing-field-initializers -Wno-overlength-strings -Wno-parentheses-equality -Wno-self-assign -Wno-tautological-compare -Wno-unused-parameter -Wno-unused-value -Wunused-variable -Wextra-tokens -fno-common -pipe  conftest.c -o conftest.i"
checked program was:
/* begin */
1: #include "ruby.h"
2: 
3: #include <sys/ioctl.h>
/* end */

--------------------

have_macro: checking for HAVE_RUBY_FIBER_SCHEDULER_H... -------------------- no

"xcrun clang -fdeclspec -I/Users/leonardbogdonoff/.metawork/runtimes/ruby-3.0.3/include/ruby-3.0.0/arm64-darwin20 -I/Users/leonardbogdonoff/.metawork/runtimes/ruby-3.0.3/include/ruby-3.0.0/ruby/backward -I/Users/leonardbogdonoff/.metawork/runtimes/ruby-3.0.3/include/ruby-3.0.0 -I. -I/Users/leonardbogdonoff/.metawork/runtimes/ruby-3.0.3/include -D_XOPEN_SOURCE -D_DARWIN_C_SOURCE -D_DARWIN_UNLIMITED_SELECT -D_REENTRANT   -I/Users/metawork/buildfarm-worker/shard/operations/b79bb1e5-19f9-4b48-9b38-0e049325ae43/bazel-out/darwin_arm64-opt-ST-02c84008f7a5/bin/ruby/versions/3_0_3/dist.unstamped.configure_libs/include -O3 -ggdb3 -Wall -Wextra -Wdeprecated-declarations -Wdivision-by-zero -Wimplicit-function-declaration -Wimplicit-int -Wmisleading-indentation -Wpointer-arith -Wshorten-64-to-32 -Wwrite-strings -Wmissing-noreturn -Wno-constant-logical-operand -Wno-long-long -Wno-missing-field-initializers -Wno-overlength-strings -Wno-parentheses-equality -Wno-self-assign -Wno-tautological-compare -Wno-unused-parameter -Wno-unused-value -Wunused-variable -Wextra-tokens -fno-common -pipe -m64  -c conftest.c"
conftest.c:5:3: error: 
# error
  ^
conftest.c:6:1: error: expected identifier or '('
|:/ === HAVE_RUBY_FIBER_SCHEDULER_H undefined === /:|
^
2 errors generated.
checked program was:
/* begin */
1: #include "ruby.h"
2: 
3: /*top*/
4: #ifndef HAVE_RUBY_FIBER_SCHEDULER_H
5: # error
6: |:/ === HAVE_RUBY_FIBER_SCHEDULER_H undefined === /:|
7: #endif
/* end */

--------------------

have_func: checking for rb_scheduler_timeout()... -------------------- no

"xcrun clang -fdeclspec -o conftest -I/Users/leonardbogdonoff/.metawork/runtimes/ruby-3.0.3/include/ruby-3.0.0/arm64-darwin20 -I/Users/leonardbogdonoff/.metawork/runtimes/ruby-3.0.3/include/ruby-3.0.0/ruby/backward -I/Users/leonardbogdonoff/.metawork/runtimes/ruby-3.0.3/include/ruby-3.0.0 -I. -I/Users/leonardbogdonoff/.metawork/runtimes/ruby-3.0.3/include -D_XOPEN_SOURCE -D_DARWIN_C_SOURCE -D_DARWIN_UNLIMITED_SELECT -D_REENTRANT   -I/Users/metawork/buildfarm-worker/shard/operations/b79bb1e5-19f9-4b48-9b38-0e049325ae43/bazel-out/darwin_arm64-opt-ST-02c84008f7a5/bin/ruby/versions/3_0_3/dist.unstamped.configure_libs/include -O3 -ggdb3 -Wall -Wextra -Wdeprecated-declarations -Wdivision-by-zero -Wimplicit-function-declaration -Wimplicit-int -Wmisleading-indentation -Wpointer-arith -Wshorten-64-to-32 -Wwrite-strings -Wmissing-noreturn -Wno-constant-logical-operand -Wno-long-long -Wno-missing-field-initializers -Wno-overlength-strings -Wno-parentheses-equality -Wno-self-assign -Wno-tautological-compare -Wno-unused-parameter -Wno-unused-value -Wunused-variable -Wextra-tokens -fno-common -pipe conftest.c  -L. -L/Users/leonardbogdonoff/.metawork/runtimes/ruby-3.0.3/lib -L. -L/Users/leonardbogdonoff/.metawork/runtimes/ruby-3.0.3/lib -fstack-protector-strong -L/usr/local/lib  -m64   -lruby.3.0   "
conftest.c:14:57: error: use of undeclared identifier 'rb_scheduler_timeout'
int t(void) { void ((*volatile p)()); p = (void ((*)()))rb_scheduler_timeout; return !p; }
                                                        ^
1 error generated.
checked program was:
/* begin */
 1: #include "ruby.h"
 2: 
 3: /*top*/
 4: extern int t(void);
 5: int main(int argc, char **argv)
 6: {
 7:   if (argc > 1000000) {
 8:     int (* volatile tp)(void)=(int (*)(void))&t;
 9:     printf("%d", (*tp)());
10:   }
11: 
12:   return !!argv[argc];
13: }
14: int t(void) { void ((*volatile p)()); p = (void ((*)()))rb_scheduler_timeout; return !p; }
/* end */

"xcrun clang -fdeclspec -o conftest -I/Users/leonardbogdonoff/.metawork/runtimes/ruby-3.0.3/include/ruby-3.0.0/arm64-darwin20 -I/Users/leonardbogdonoff/.metawork/runtimes/ruby-3.0.3/include/ruby-3.0.0/ruby/backward -I/Users/leonardbogdonoff/.metawork/runtimes/ruby-3.0.3/include/ruby-3.0.0 -I. -I/Users/leonardbogdonoff/.metawork/runtimes/ruby-3.0.3/include -D_XOPEN_SOURCE -D_DARWIN_C_SOURCE -D_DARWIN_UNLIMITED_SELECT -D_REENTRANT   -I/Users/metawork/buildfarm-worker/shard/operations/b79bb1e5-19f9-4b48-9b38-0e049325ae43/bazel-out/darwin_arm64-opt-ST-02c84008f7a5/bin/ruby/versions/3_0_3/dist.unstamped.configure_libs/include -O3 -ggdb3 -Wall -Wextra -Wdeprecated-declarations -Wdivision-by-zero -Wimplicit-function-declaration -Wimplicit-int -Wmisleading-indentation -Wpointer-arith -Wshorten-64-to-32 -Wwrite-strings -Wmissing-noreturn -Wno-constant-logical-operand -Wno-long-long -Wno-missing-field-initializers -Wno-overlength-strings -Wno-parentheses-equality -Wno-self-assign -Wno-tautological-compare -Wno-unused-parameter -Wno-unused-value -Wunused-variable -Wextra-tokens -fno-common -pipe conftest.c  -L. -L/Users/leonardbogdonoff/.metawork/runtimes/ruby-3.0.3/lib -L. -L/Users/leonardbogdonoff/.metawork/runtimes/ruby-3.0.3/lib -fstack-protector-strong -L/usr/local/lib  -m64   -lruby.3.0   "
Undefined symbols for architecture arm64:
  "_rb_scheduler_timeout", referenced from:
      _t in conftest-e71e21.o
ld: symbol(s) not found for architecture arm64
clang: error: linker command failed with exit code 1 (use -v to see invocation)
checked program was:
/* begin */
 1: #include "ruby.h"
 2: 
 3: /*top*/
 4: extern int t(void);
 5: int main(int argc, char **argv)
 6: {
 7:   if (argc > 1000000) {
 8:     int (* volatile tp)(void)=(int (*)(void))&t;
 9:     printf("%d", (*tp)());
10:   }
11: 
12:   return !!argv[argc];
13: }
14: extern void rb_scheduler_timeout();
15: int t(void) { rb_scheduler_timeout(); return 0; }
/* end */

--------------------

